#
# There is insufficient memory for the Java Runtime Environment to continue.
# Native memory allocation (malloc) failed to allocate 739728 bytes for Chunk::new
# Possible reasons:
#   The system is out of physical RAM or swap space
#   In 32 bit mode, the process size limit was hit
# Possible solutions:
#   Reduce memory load on the system
#   Increase physical memory or swap space
#   Check if swap backing store is full
#   Use 64 bit Java on a 64 bit OS
#   Decrease Java heap size (-Xmx/-Xms)
#   Decrease number of Java threads
#   Decrease Java thread stack sizes (-Xss)
#   Set larger code cache with -XX:ReservedCodeCacheSize=
# This output file may be truncated or incomplete.
#
#  Out of Memory Error (allocation.cpp:390), pid=23940, tid=0x0000000000005c34
#
# JRE version: Java(TM) SE Runtime Environment (8.0_102-b14) (build 1.8.0_102-b14)
# Java VM: Java HotSpot(TM) 64-Bit Server VM (25.102-b14 mixed mode windows-amd64 compressed oops)
# Failed to write core dump. Minidumps are not enabled by default on client versions of Windows
#

---------------  T H R E A D  ---------------

Current thread (0x0000000056104000):  JavaThread "C2 CompilerThread0" daemon [_thread_in_native, id=23604, stack(0x0000000056a90000,0x0000000056b90000)]

Stack: [0x0000000056a90000,0x0000000056b90000]
[error occurred during error reporting (printing stack bounds), id 0xc0000005]

Native frames: (J=compiled Java code, j=interpreted, Vv=VM code, C=native code)


Current CompileTask:
C2:   2874 2007       4       java.net.URLClassLoader$1::run (5 bytes)


---------------  P R O C E S S  ---------------

Java Threads: ( => current thread )
  0x0000000057757000 JavaThread "restartedMain" [_thread_in_Java, id=23116, stack(0x0000000056da0000,0x0000000056ea0000)]
  0x000000005772d000 JavaThread "Thread-0" [_thread_blocked, id=24156, stack(0x00000000579a0000,0x0000000057aa0000)]
  0x0000000056187800 JavaThread "Service Thread" daemon [_thread_blocked, id=23924, stack(0x0000000056f00000,0x0000000057000000)]
  0x000000005610c800 JavaThread "C1 CompilerThread2" daemon [_thread_in_vm, id=22176, stack(0x00000000566e0000,0x00000000567e0000)]
  0x000000005610b000 JavaThread "C2 CompilerThread1" daemon [_thread_in_native, id=23960, stack(0x0000000056c70000,0x0000000056d70000)]
=>0x0000000056104000 JavaThread "C2 CompilerThread0" daemon [_thread_in_native, id=23604, stack(0x0000000056a90000,0x0000000056b90000)]
  0x0000000056101000 JavaThread "Attach Listener" daemon [_thread_blocked, id=23752, stack(0x0000000056860000,0x0000000056960000)]
  0x0000000056100800 JavaThread "Signal Dispatcher" daemon [_thread_blocked, id=19312, stack(0x00000000565d0000,0x00000000566d0000)]
  0x0000000054c7d800 JavaThread "Finalizer" daemon [_thread_blocked, id=23592, stack(0x0000000056000000,0x0000000056100000)]
  0x0000000054c36000 JavaThread "Reference Handler" daemon [_thread_blocked, id=24400, stack(0x0000000055d60000,0x0000000055e60000)]
  0x0000000001f0d000 JavaThread "main" [_thread_blocked, id=24356, stack(0x0000000002180000,0x0000000002280000)]

Other Threads:
  0x0000000054c2e800 VMThread [stack: 0x0000000055c30000,0x0000000055d30000] [id=24568]
  0x0000000056167800 WatcherThread [stack: 0x0000000057020000,0x0000000057120000] [id=20004]

VM state:not at safepoint (normal execution)

VM Mutex/Monitor currently owned by a thread: None

Heap:
 PSYoungGen      total 119296K, used 32317K [0x00000000eb500000, 0x00000000f4000000, 0x0000000100000000)
  eden space 111616K, 22% used [0x00000000eb500000,0x00000000ecd130d0,0x00000000f2200000)
  from space 7680K, 99% used [0x00000000f3880000,0x00000000f3ffc718,0x00000000f4000000)
  to   space 8704K, 0% used [0x00000000f2f00000,0x00000000f2f00000,0x00000000f3780000)
 ParOldGen       total 29696K, used 6006K [0x00000000c1e00000, 0x00000000c3b00000, 0x00000000eb500000)
  object space 29696K, 20% used [0x00000000c1e00000,0x00000000c23dda98,0x00000000c3b00000)
 Metaspace       used 24591K, capacity 25344K, committed 25472K, reserved 1071104K
  class space    used 3166K, capacity 3354K, committed 3456K, reserved 1048576K

Card table byte_map: [0x0000000011910000,0x0000000011b10000] byte_map_base: 0x0000000011301000

Marking Bits: (ParMarkBitMap*) 0x000000006aaba6c0
 Begin Bits: [0x0000000012190000, 0x0000000013118000)
 End Bits:   [0x0000000013118000, 0x00000000140a0000)

Polling page: 0x0000000000140000

CodeCache: size=245760Kb used=7587Kb max_used=7587Kb free=238172Kb
 bounds [0x0000000002550000, 0x0000000002cc0000, 0x0000000011550000]
 total_blobs=2540 nmethods=2147 adapters=305
 compilation: enabled

Compilation events (10 events):
Event: 2.833 Thread 0x000000005610c800 2143       3       java.util.HashMap::isEmpty (13 bytes)
Event: 2.833 Thread 0x000000005610c800 nmethod 2143 0x0000000002cb1450 code [0x0000000002cb15a0, 0x0000000002cb1750]
Event: 2.836 Thread 0x000000005610c800 2144       3       org.springframework.core.type.classreading.MethodMetadataReadingVisitor::visitAnnotation (40 bytes)
Event: 2.837 Thread 0x000000005610c800 nmethod 2144 0x0000000002cb17d0 code [0x0000000002cb1a20, 0x0000000002cb2688]
Event: 2.837 Thread 0x000000005610c800 2145       3       org.springframework.core.env.PropertySource::hashCode (8 bytes)
Event: 2.837 Thread 0x000000005610c800 nmethod 2145 0x0000000002cb3010 code [0x0000000002cb3180, 0x0000000002cb3308]
Event: 2.839 Thread 0x000000005610c800 2146       3       org.springframework.context.annotation.ConfigurationClassParser$SourceClass::getAnnotationAttributes (103 bytes)
Event: 2.840 Thread 0x000000005610c800 nmethod 2146 0x0000000002cb3390 code [0x0000000002cb35e0, 0x0000000002cb41f8]
Event: 2.840 Thread 0x000000005610c800 2147       3       org.springframework.core.type.filter.AssignableTypeFilter::matchSuperClass (6 bytes)
Event: 2.840 Thread 0x000000005610c800 nmethod 2147 0x0000000002cb48d0 code [0x0000000002cb4a40, 0x0000000002cb4be8]

GC Heap History (10 events):
Event: 1.369 GC heap before
{Heap before GC invocations=5 (full 0):
 PSYoungGen      total 35328K, used 35312K [0x00000000eb500000, 0x00000000eda00000, 0x0000000100000000)
  eden space 32768K, 100% used [0x00000000eb500000,0x00000000ed500000,0x00000000ed500000)
  from space 2560K, 99% used [0x00000000ed780000,0x00000000ed9fc010,0x00000000eda00000)
  to   space 2560K, 0% used [0x00000000ed500000,0x00000000ed500000,0x00000000ed780000)
 ParOldGen       total 44032K, used 1670K [0x00000000c1e00000, 0x00000000c4900000, 0x00000000eb500000)
  object space 44032K, 3% used [0x00000000c1e00000,0x00000000c1fa1ae8,0x00000000c4900000)
 Metaspace       used 13678K, capacity 14062K, committed 14208K, reserved 1060864K
  class space    used 1792K, capacity 1913K, committed 1920K, reserved 1048576K
Event: 1.376 GC heap after
Heap after GC invocations=5 (full 0):
 PSYoungGen      total 35328K, used 2544K [0x00000000eb500000, 0x00000000f0000000, 0x0000000100000000)
  eden space 32768K, 0% used [0x00000000eb500000,0x00000000eb500000,0x00000000ed500000)
  from space 2560K, 99% used [0x00000000ed500000,0x00000000ed77c030,0x00000000ed780000)
  to   space 5632K, 0% used [0x00000000efa80000,0x00000000efa80000,0x00000000f0000000)
 ParOldGen       total 44032K, used 4756K [0x00000000c1e00000, 0x00000000c4900000, 0x00000000eb500000)
  object space 44032K, 10% used [0x00000000c1e00000,0x00000000c22a53c8,0x00000000c4900000)
 Metaspace       used 13678K, capacity 14062K, committed 14208K, reserved 1060864K
  class space    used 1792K, capacity 1913K, committed 1920K, reserved 1048576K
}
Event: 1.652 GC heap before
{Heap before GC invocations=6 (full 0):
 PSYoungGen      total 35328K, used 35312K [0x00000000eb500000, 0x00000000f0000000, 0x0000000100000000)
  eden space 32768K, 100% used [0x00000000eb500000,0x00000000ed500000,0x00000000ed500000)
  from space 2560K, 99% used [0x00000000ed500000,0x00000000ed77c030,0x00000000ed780000)
  to   space 5632K, 0% used [0x00000000efa80000,0x00000000efa80000,0x00000000f0000000)
 ParOldGen       total 44032K, used 4756K [0x00000000c1e00000, 0x00000000c4900000, 0x00000000eb500000)
  object space 44032K, 10% used [0x00000000c1e00000,0x00000000c22a53c8,0x00000000c4900000)
 Metaspace       used 18497K, capacity 18966K, committed 19200K, reserved 1067008K
  class space    used 2373K, capacity 2495K, committed 2560K, reserved 1048576K
Event: 1.659 GC heap after
Heap after GC invocations=6 (full 0):
 PSYoungGen      total 69120K, used 5618K [0x00000000eb500000, 0x00000000f0400000, 0x0000000100000000)
  eden space 63488K, 0% used [0x00000000eb500000,0x00000000eb500000,0x00000000ef300000)
  from space 5632K, 99% used [0x00000000efa80000,0x00000000efffc838,0x00000000f0000000)
  to   space 7680K, 0% used [0x00000000ef300000,0x00000000ef300000,0x00000000efa80000)
 ParOldGen       total 44032K, used 6630K [0x00000000c1e00000, 0x00000000c4900000, 0x00000000eb500000)
  object space 44032K, 15% used [0x00000000c1e00000,0x00000000c2479940,0x00000000c4900000)
 Metaspace       used 18497K, capacity 18966K, committed 19200K, reserved 1067008K
  class space    used 2373K, capacity 2495K, committed 2560K, reserved 1048576K
}
Event: 1.885 GC heap before
{Heap before GC invocations=7 (full 0):
 PSYoungGen      total 69120K, used 19776K [0x00000000eb500000, 0x00000000f0400000, 0x0000000100000000)
  eden space 63488K, 22% used [0x00000000eb500000,0x00000000ec2d3818,0x00000000ef300000)
  from space 5632K, 99% used [0x00000000efa80000,0x00000000efffc838,0x00000000f0000000)
  to   space 7680K, 0% used [0x00000000ef300000,0x00000000ef300000,0x00000000efa80000)
 ParOldGen       total 44032K, used 6630K [0x00000000c1e00000, 0x00000000c4900000, 0x00000000eb500000)
  object space 44032K, 15% used [0x00000000c1e00000,0x00000000c2479940,0x00000000c4900000)
 Metaspace       used 20680K, capacity 21186K, committed 21248K, reserved 1067008K
  class space    used 2663K, capacity 2813K, committed 2816K, reserved 1048576K
Event: 1.893 GC heap after
Heap after GC invocations=7 (full 0):
 PSYoungGen      total 71168K, used 4276K [0x00000000eb500000, 0x00000000f4000000, 0x0000000100000000)
  eden space 63488K, 0% used [0x00000000eb500000,0x00000000eb500000,0x00000000ef300000)
  from space 7680K, 55% used [0x00000000ef300000,0x00000000ef72d058,0x00000000efa80000)
  to   space 7680K, 0% used [0x00000000f3880000,0x00000000f3880000,0x00000000f4000000)
 ParOldGen       total 44032K, used 7646K [0x00000000c1e00000, 0x00000000c4900000, 0x00000000eb500000)
  object space 44032K, 17% used [0x00000000c1e00000,0x00000000c2577878,0x00000000c4900000)
 Metaspace       used 20680K, capacity 21186K, committed 21248K, reserved 1067008K
  class space    used 2663K, capacity 2813K, committed 2816K, reserved 1048576K
}
Event: 1.893 GC heap before
{Heap before GC invocations=8 (full 1):
 PSYoungGen      total 71168K, used 4276K [0x00000000eb500000, 0x00000000f4000000, 0x0000000100000000)
  eden space 63488K, 0% used [0x00000000eb500000,0x00000000eb500000,0x00000000ef300000)
  from space 7680K, 55% used [0x00000000ef300000,0x00000000ef72d058,0x00000000efa80000)
  to   space 7680K, 0% used [0x00000000f3880000,0x00000000f3880000,0x00000000f4000000)
 ParOldGen       total 44032K, used 7646K [0x00000000c1e00000, 0x00000000c4900000, 0x00000000eb500000)
  object space 44032K, 17% used [0x00000000c1e00000,0x00000000c2577878,0x00000000c4900000)
 Metaspace       used 20680K, capacity 21186K, committed 21248K, reserved 1067008K
  class space    used 2663K, capacity 2813K, committed 2816K, reserved 1048576K
Event: 1.926 GC heap after
Heap after GC invocations=8 (full 1):
 PSYoungGen      total 71168K, used 0K [0x00000000eb500000, 0x00000000f4000000, 0x0000000100000000)
  eden space 63488K, 0% used [0x00000000eb500000,0x00000000eb500000,0x00000000ef300000)
  from space 7680K, 0% used [0x00000000ef300000,0x00000000ef300000,0x00000000efa80000)
  to   space 7680K, 0% used [0x00000000f3880000,0x00000000f3880000,0x00000000f4000000)
 ParOldGen       total 29696K, used 5887K [0x00000000c1e00000, 0x00000000c3b00000, 0x00000000eb500000)
  object space 29696K, 19% used [0x00000000c1e00000,0x00000000c23bff50,0x00000000c3b00000)
 Metaspace       used 20680K, capacity 21186K, committed 21248K, reserved 1067008K
  class space    used 2663K, capacity 2813K, committed 2816K, reserved 1048576K
}
Event: 2.701 GC heap before
{Heap before GC invocations=9 (full 1):
 PSYoungGen      total 71168K, used 63479K [0x00000000eb500000, 0x00000000f4000000, 0x0000000100000000)
  eden space 63488K, 99% used [0x00000000eb500000,0x00000000ef2fdf28,0x00000000ef300000)
  from space 7680K, 0% used [0x00000000ef300000,0x00000000ef300000,0x00000000efa80000)
  to   space 7680K, 0% used [0x00000000f3880000,0x00000000f3880000,0x00000000f4000000)
 ParOldGen       total 29696K, used 5887K [0x00000000c1e00000, 0x00000000c3b00000, 0x00000000eb500000)
  object space 29696K, 19% used [0x00000000c1e00000,0x00000000c23bff50,0x00000000c3b00000)
 Metaspace       used 24440K, capacity 25178K, committed 25472K, reserved 1071104K
  class space    used 3145K, capacity 3343K, committed 3456K, reserved 1048576K
Event: 2.724 GC heap after
Heap after GC invocations=9 (full 1):
 PSYoungGen      total 119296K, used 7665K [0x00000000eb500000, 0x00000000f4000000, 0x0000000100000000)
  eden space 111616K, 0% used [0x00000000eb500000,0x00000000eb500000,0x00000000f2200000)
  from space 7680K, 99% used [0x00000000f3880000,0x00000000f3ffc718,0x00000000f4000000)
  to   space 8704K, 0% used [0x00000000f2f00000,0x00000000f2f00000,0x00000000f3780000)
 ParOldGen       total 29696K, used 6006K [0x00000000c1e00000, 0x00000000c3b00000, 0x00000000eb500000)
  object space 29696K, 20% used [0x00000000c1e00000,0x00000000c23dda98,0x00000000c3b00000)
 Metaspace       used 24440K, capacity 25178K, committed 25472K, reserved 1071104K
  class space    used 3145K, capacity 3343K, committed 3456K, reserved 1048576K
}

Deoptimization events (10 events):
Event: 1.450 Thread 0x0000000057757000 Uncommon trap: reason=unstable_if action=reinterpret pc=0x0000000002818d70 method=java.io.WinNTFileSystem.normalize(Ljava/lang/String;II)Ljava/lang/String; @ 90
Event: 1.451 Thread 0x0000000057757000 Uncommon trap: reason=unstable_if action=reinterpret pc=0x00000000027e92e0 method=java.util.HashMap.hash(Ljava/lang/Object;)I @ 1
Event: 1.929 Thread 0x0000000057757000 Uncommon trap: reason=class_check action=maybe_recompile pc=0x00000000028a8038 method=java.util.HashMap.putVal(ILjava/lang/Object;Ljava/lang/Object;ZZ)Ljava/lang/Object; @ 203
Event: 2.141 Thread 0x0000000057781800 Uncommon trap: reason=unstable_if action=reinterpret pc=0x0000000002aad7d0 method=com.sun.org.apache.xerces.internal.impl.XMLEntityScanner.skipSpaces()Z @ 125
Event: 2.178 Thread 0x0000000057781800 Uncommon trap: reason=unstable_if action=reinterpret pc=0x0000000002afe9ac method=com.sun.org.apache.xerces.internal.util.SymbolTable.addSymbol([CII)Ljava/lang/String; @ 38
Event: 2.179 Thread 0x0000000057781800 Uncommon trap: reason=unstable_if action=reinterpret pc=0x0000000002a9c14c method=com.sun.org.apache.xerces.internal.impl.XMLEntityScanner.scanLiteral(ILcom/sun/org/apache/xerces/internal/xni/XMLString;Z)I @ 44
Event: 2.181 Thread 0x0000000057781800 Uncommon trap: reason=unstable_if action=reinterpret pc=0x0000000002abe8cc method=com.sun.org.apache.xerces.internal.util.SymbolTable.addSymbol([CII)Ljava/lang/String; @ 38
Event: 2.261 Thread 0x0000000057781800 Uncommon trap: reason=unstable_if action=reinterpret pc=0x0000000002b15a04 method=sun.misc.ASCIICaseInsensitiveComparator.compare(Ljava/lang/String;Ljava/lang/String;)I @ 83
Event: 2.272 Thread 0x0000000057781800 Uncommon trap: reason=predicate action=maybe_recompile pc=0x000000000291bd38 method=java.lang.String.regionMatches(ZILjava/lang/String;II)Z @ 63
Event: 2.552 Thread 0x0000000057757000 Uncommon trap: reason=predicate action=maybe_recompile pc=0x0000000002c2db94 method=org.springframework.boot.context.properties.source.ConfigurationPropertyName.elementEquals(Ljava/lang/CharSequence;Ljava/lang/CharSequence;)Z @ 68

Internal exceptions (10 events):
Event: 1.639 Thread 0x0000000057757000 Exception <a 'java/lang/ClassNotFoundException': org/springframework/context/annotation/ConfigurationClassPostProcessorCustomizer> (0x00000000ed30c040) thrown at [C:\re\workspace\8-2-build-windows-amd64-cygwin\jdk8u102\7268\hotspot\src\share\vm\classfile\sÇ·¯¬âPú?
Event: 1.645 Thread 0x0000000057757000 Exception <a 'java/lang/ClassNotFoundException': org/springframework/beans/factory/support/BeanDefinitionRegistryPostProcessorCustomizer> (0x00000000ed3dde68) thrown at [C:\re\workspace\8-2-build-windows-amd64-cygwin\jdk8u102\7268\hotspot\src\share\vm\clasPg¤eŒRú?
Event: 1.645 Thread 0x0000000057757000 Exception <a 'java/lang/ClassNotFoundException': org/springframework/core/PriorityOrderedCustomizer> (0x00000000ed3ee710) thrown at [C:\re\workspace\8-2-build-windows-amd64-cygwin\jdk8u102\7268\hotspot\src\share\vm\classfile\systemDictionary.cpp, line 210]è:KÛSú?
Event: 1.645 Thread 0x0000000057757000 Exception <a 'java/lang/ClassNotFoundException': org/springframework/context/ResourceLoaderAwareCustomizer> (0x00000000ed3ff788) thrown at [C:\re\workspace\8-2-build-windows-amd64-cygwin\jdk8u102\7268\hotspot\src\share\vm\classfile\systemDictionary.cpp, liÑþ®»Uú?
Event: 1.646 Thread 0x0000000057757000 Exception <a 'java/lang/ClassNotFoundException': org/springframework/beans/factory/BeanClassLoaderAwareCustomizer> (0x00000000ed4131a8) thrown at [C:\re\workspace\8-2-build-windows-amd64-cygwin\jdk8u102\7268\hotspot\src\share\vm\classfile\systemDictionary.±µûÇWú?
Event: 1.646 Thread 0x0000000057757000 Exception <a 'java/lang/ClassNotFoundException': org/springframework/context/EnvironmentAwareCustomizer> (0x00000000ed424b68) thrown at [C:\re\workspace\8-2-build-windows-amd64-cygwin\jdk8u102\7268\hotspot\src\share\vm\classfile\systemDictionary.cpp, line "i×©ÅŽú?
Event: 1.660 Thread 0x0000000057757000 Exception <a 'java/lang/NoClassDefFoundError': org/reactivestreams/Publisher> (0x00000000eb5d8908) thrown at [C:\re\workspace\8-2-build-windows-amd64-cygwin\jdk8u102\7268\hotspot\src\share\vm\classfile\systemDictionary.cpp, line 199]
Event: 1.661 Thread 0x0000000057757000 Exception <a 'java/lang/NoClassDefFoundError': rx/Observable> (0x00000000eb5e7d30) thrown at [C:\re\workspace\8-2-build-windows-amd64-cygwin\jdk8u102\7268\hotspot\src\share\vm\classfile\systemDictionary.cpp, line 199]
Event: 1.661 Thread 0x0000000057757000 Exception <a 'java/lang/NoClassDefFoundError': org/reactivestreams/Publisher> (0x00000000eb5f9018) thrown at [C:\re\workspace\8-2-build-windows-amd64-cygwin\jdk8u102\7268\hotspot\src\share\vm\classfile\systemDictionary.cpp, line 199]
Event: 1.734 Thread 0x0000000057781800 Exception <a 'java/lang/IncompatibleClassChangeError': Found class java.lang.Object, but interface was expected> (0x00000000ebe143c0) thrown at [C:\re\workspace\8-2-build-windows-amd64-cygwin\jdk8u102\7268\hotspot\src\share\vm\interpreter\linkResolver.cpp,Ê³k›9ú?

Events (10 events):
Event: 2.816 loading class org/springframework/data/querydsl/QuerydslUtils
Event: 2.816 loading class org/springframework/data/querydsl/QuerydslUtils done
Event: 2.817 loading class com/querydsl/core/types/Predicate
Event: 2.817 loading class com/querydsl/core/types/Predicate done
Event: 2.817 loading class com/querydsl/core/types$Predicate
Event: 2.817 loading class com/querydsl/core/types$Predicate done
Event: 2.841 loading class org/springframework/security/config/annotation/web/reactive/EnableWebFluxSecurity
Event: 2.841 loading class org/springframework/security/config/annotation/web/reactive/EnableWebFluxSecurity done
Event: 2.841 loading class org/springframework/security/web/server/WebFilterChainProxy
Event: 2.841 loading class org/springframework/security/web/server/WebFilterChainProxy done


Dynamic libraries:
0x000000013f470000 - 0x000000013f4a7000 	C:\Program Files\Java\jdk1.8.0_102\jre\bin\java.exe
0x00000000779f0000 - 0x0000000077b99000 	C:\Windows\SYSTEM32\ntdll.dll
0x00000000778d0000 - 0x00000000779ef000 	C:\Windows\system32\kernel32.dll
0x000007fefd990000 - 0x000007fefd9fc000 	C:\Windows\system32\KERNELBASE.dll
0x000007fefe8b0000 - 0x000007fefe98b000 	C:\Windows\system32\ADVAPI32.dll
0x000007fefdbe0000 - 0x000007fefdc7f000 	C:\Windows\system32\msvcrt.dll
0x000007fefe9b0000 - 0x000007fefe9cf000 	C:\Windows\SYSTEM32\sechost.dll
0x000007fefe490000 - 0x000007fefe5bd000 	C:\Windows\system32\RPCRT4.dll
0x00000000777d0000 - 0x00000000778ca000 	C:\Windows\system32\USER32.dll
0x000007fefdf30000 - 0x000007fefdf97000 	C:\Windows\system32\GDI32.dll
0x000007feffcf0000 - 0x000007feffcfe000 	C:\Windows\system32\LPK.dll
0x000007fefe620000 - 0x000007fefe6e9000 	C:\Windows\system32\USP10.dll
0x000007fefc800000 - 0x000007fefc9f4000 	C:\Windows\WinSxS\amd64_microsoft.windows.common-controls_6595b64144ccf1df_6.0.7601.17514_none_fa396087175ac9ac\COMCTL32.dll
0x000007fefe230000 - 0x000007fefe2a1000 	C:\Windows\system32\SHLWAPI.dll
0x000007fefdff0000 - 0x000007fefe01e000 	C:\Windows\system32\IMM32.DLL
0x000007fefe7a0000 - 0x000007fefe8a9000 	C:\Windows\system32\MSCTF.dll
0x000007fefd8d0000 - 0x000007fefd8d5000 	C:\Windows\system32\api-ms-win-downlevel-advapi32-l1-1-0.dll
0x000007fefd630000 - 0x000007fefd655000 	C:\Windows\system32\SspiCli.dll
0x000000006ab40000 - 0x000000006ac11000 	C:\Program Files\Java\jdk1.8.0_102\jre\bin\msvcr100.dll
0x000000006a2a0000 - 0x000000006ab3a000 	C:\Program Files\Java\jdk1.8.0_102\jre\bin\server\jvm.dll
0x000007fee9890000 - 0x000007fee9899000 	C:\Windows\system32\WSOCK32.dll
0x000007fefdfa0000 - 0x000007fefdfed000 	C:\Windows\system32\WS2_32.dll
0x000007fefe6f0000 - 0x000007fefe6f8000 	C:\Windows\system32\NSI.dll
0x000007fefaf00000 - 0x000007fefaf3b000 	C:\Windows\system32\WINMM.dll
0x000007fefc560000 - 0x000007fefc56c000 	C:\Windows\system32\VERSION.dll
0x0000000077bb0000 - 0x0000000077bb7000 	C:\Windows\system32\PSAPI.DLL
0x0000000075310000 - 0x000000007531f000 	C:\Program Files\Java\jdk1.8.0_102\jre\bin\verify.dll
0x0000000075260000 - 0x0000000075289000 	C:\Program Files\Java\jdk1.8.0_102\jre\bin\java.dll
0x00000000752a0000 - 0x00000000752b6000 	C:\Program Files\Java\jdk1.8.0_102\jre\bin\zip.dll
0x000007fefed30000 - 0x000007feffab8000 	C:\Windows\system32\SHELL32.dll
0x000007fefe020000 - 0x000007fefe223000 	C:\Windows\system32\ole32.dll
0x000007fefd820000 - 0x000007fefd82f000 	C:\Windows\system32\profapi.dll
0x00000000749b0000 - 0x00000000749bd000 	C:\Program Files\Java\jdk1.8.0_102\jre\bin\management.dll
0x00000000752d0000 - 0x00000000752ea000 	C:\Program Files\Java\jdk1.8.0_102\jre\bin\net.dll
0x000007fefd000000 - 0x000007fefd055000 	C:\Windows\system32\mswsock.dll
0x000007fefcff0000 - 0x000007fefcff7000 	C:\Windows\System32\wship6.dll
0x000007fefaac0000 - 0x000007fefaad5000 	C:\Windows\system32\NLAapi.dll
0x000007fef6430000 - 0x000007fef6445000 	C:\Windows\system32\napinsp.dll
0x000007fef6400000 - 0x000007fef6419000 	C:\Windows\system32\pnrpnsp.dll
0x000007fefce80000 - 0x000007fefcedb000 	C:\Windows\system32\DNSAPI.dll
0x000007fef63f0000 - 0x000007fef63fb000 	C:\Windows\System32\winrnr.dll
0x000007fef82e0000 - 0x000007fef830f000 	C:\Program Files\Common Files\Microsoft Shared\Windows Live\WLIDNSP.DLL
0x000007fef63e0000 - 0x000007fef63f0000 	C:\Windows\system32\wshbth.dll
0x000007fefc630000 - 0x000007fefc637000 	C:\Windows\System32\wshtcpip.dll
0x000007fefa7c0000 - 0x000007fefa7e7000 	C:\Windows\system32\IPHLPAPI.DLL
0x000007fefa7b0000 - 0x000007fefa7bb000 	C:\Windows\system32\WINNSI.DLL
0x000007fef81b0000 - 0x000007fef81b8000 	C:\Windows\system32\rasadhlp.dll
0x000007fefa660000 - 0x000007fefa6b3000 	C:\Windows\System32\fwpuclnt.dll
0x00000000749c0000 - 0x00000000749d1000 	C:\Program Files\Java\jdk1.8.0_102\jre\bin\nio.dll

VM Arguments:
java_command: com.example.easynotes.EasyNotesApplication
java_class_path (initial): C:\am_ai\easy-notes\target\classes;C:\Users\Administrator\.m2\repository\org\springframework\boot\spring-boot-starter-data-jpa\2.0.1.RELEASE\spring-boot-starter-data-jpa-2.0.1.RELEASE.jar;C:\Users\Administrator\.m2\repository\org\springframework\boot\spring-boot-starter\2.0.1.RELEASE\spring-boot-starter-2.0.1.RELEASE.jar;C:\Users\Administrator\.m2\repository\org\springframework\boot\spring-boot-starter-logging\2.0.1.RELEASE\spring-boot-starter-logging-2.0.1.RELEASE.jar;C:\Users\Administrator\.m2\repository\ch\qos\logback\logback-classic\1.2.3\logback-classic-1.2.3.jar;C:\Users\Administrator\.m2\repository\ch\qos\logback\logback-core\1.2.3\logback-core-1.2.3.jar;C:\Users\Administrator\.m2\repository\org\apache\logging\log4j\log4j-to-slf4j\2.10.0\log4j-to-slf4j-2.10.0.jar;C:\Users\Administrator\.m2\repository\org\apache\logging\log4j\log4j-api\2.10.0\log4j-api-2.10.0.jar;C:\Users\Administrator\.m2\repository\org\slf4j\jul-to-slf4j\1.7.25\jul-to-slf4j-1.7.25.jar;C:\Users\Administrator\.m2\repository\org\yaml\snakeyaml\1.19\snakeyaml-1.19.jar;C:\Users\Administrator\.m2\repository\org\springframework\boot\spring-boot-starter-aop\2.0.1.RELEASE\spring-boot-starter-aop-2.0.1.RELEASE.jar;C:\Users\Administrator\.m2\repository\org\springframework\spring-aop\5.0.5.RELEASE\spring-aop-5.0.5.RELEASE.jar;C:\Users\Administrator\.m2\repository\org\aspectj\aspectjweaver\1.8.13\aspectjweaver-1.8.13.jar;C:\Users\Administrator\.m2\repository\org\springframework\boot\spring-boot-starter-jdbc\2.0.1.RELEASE\spring-boot-starter-jdbc-2.0.1.RELEASE.jar;C:\Users\Administrator\.m2\repository\com\zaxxer\HikariCP\2.7.8\HikariCP-2.7.8.jar;C:\Users\Administrator\.m2\repository\org\springframework\spring-jdbc\5.0.5.RELEASE\spring-jdbc-5.0.5.RELEASE.jar;C:\Users\Administrator\.m2\repository\org\hibernate\hibernate-core\5.2.16.Final\hibernate-core-5.2.16.Final.jar;C:\Users\Administrator\.m2\repository\org\jboss\logging\jboss-logging\3.3.2.Final\jboss-logging-3.3.2.Final.jar
Launcher Type: SUN_STANDARD

Environment Variables:
JAVA_HOME=C:\Program Files\Java\jdk1.8.0_102
CLASSPATH=F:\apache-tomcat\lib;
USERNAME=Administrator
OS=Windows_NT
PROCESSOR_IDENTIFIER=Intel64 Family 6 Model 58 Stepping 9, GenuineIntel



---------------  S Y S T E M  ---------------

OS: Windows 7 , 64 bit Build 7601 (6.1.7601.18409)

CPU:total 4 (2 cores per cpu, 2 threads per core) family 6 model 58 stepping 9, cmov, cx8, fxsr, mmx, sse, sse2, sse3, ssse3, sse4.1, sse4.2, popcnt, avx, aes, clmul, erms, ht, tsc, tscinvbit, tscinv

Memory: 4k page, physical 4066668k(598436k free), swap 5113380k(13224k free)

vm_info: Java HotSpot(TM) 64-Bit Server VM (25.102-b14) for windows-amd64 JRE (1.8.0_102-b14), built on Jun 22 2016 13:15:21 by "java_re" with MS VC++ 10.0 (VS2010)

time: Sun Apr 29 02:45:58 2018
elapsed time: 2 seconds (0d 0h 0m 2s)

