#
# There is insufficient memory for the Java Runtime Environment to continue.
# Native memory allocation (malloc) failed to allocate 1400576 bytes for Chunk::new
# Possible reasons:
#   The system is out of physical RAM or swap space
#   In 32 bit mode, the process size limit was hit
# Possible solutions:
#   Reduce memory load on the system
#   Increase physical memory or swap space
#   Check if swap backing store is full
#   Use 64 bit Java on a 64 bit OS
#   Decrease Java heap size (-Xmx/-Xms)
#   Decrease number of Java threads
#   Decrease Java thread stack sizes (-Xss)
#   Set larger code cache with -XX:ReservedCodeCacheSize=
# This output file may be truncated or incomplete.
#
#  Out of Memory Error (allocation.cpp:390), pid=49856, tid=0x000000000000cb68
#
# JRE version: Java(TM) SE Runtime Environment (8.0_102-b14) (build 1.8.0_102-b14)
# Java VM: Java HotSpot(TM) 64-Bit Server VM (25.102-b14 mixed mode windows-amd64 compressed oops)
# Failed to write core dump. Minidumps are not enabled by default on client versions of Windows
#

---------------  T H R E A D  ---------------

Current thread (0x0000000055eb7000):  JavaThread "C2 CompilerThread0" daemon [_thread_in_native, id=52072, stack(0x0000000056630000,0x0000000056730000)]

Stack: [0x0000000056630000,0x0000000056730000]
[error occurred during error reporting (printing stack bounds), id 0xc0000005]

Native frames: (J=compiled Java code, j=interpreted, Vv=VM code, C=native code)


Current CompileTask:
C2: 403778 7129   !   4       org.springframework.beans.factory.support.DefaultListableBeanFactory::doGetBeanNamesForType (593 bytes)


---------------  P R O C E S S  ---------------

Java Threads: ( => current thread )
  0x00000000577fb800 JavaThread "HikariPool-5 housekeeper" daemon [_thread_blocked, id=59128, stack(0x0000000061be0000,0x0000000061ce0000)]
  0x00000000577fc800 JavaThread "PostgreSQL-JDBC-SharedTimer-4" daemon [_thread_blocked, id=56568, stack(0x0000000056ca0000,0x0000000056da0000)]
  0x00000000577f7000 JavaThread "container-2" [_thread_blocked, id=59848, stack(0x00000000606c0000,0x00000000607c0000)]
  0x00000000577f6800 JavaThread "ContainerBackgroundProcessor[StandardEngine[Tomcat-2]]" daemon [_thread_blocked, id=59808, stack(0x000000005f310000,0x000000005f410000)]
  0x00000000577f5800 JavaThread "localhost-startStop-1" daemon [_thread_blocked, id=59784, stack(0x00000000602b0000,0x00000000603b0000)]
  0x00000000577fb000 JavaThread "Tomcat-2-startStop-1" daemon [_thread_blocked, id=59748, stack(0x000000005d3e0000,0x000000005d4e0000)]
  0x00000000577f8000 JavaThread "restartedMain" [_thread_in_native, id=59700, stack(0x000000005f1c0000,0x000000005f2c0000)]
  0x00000000577f8800 JavaThread "File Watcher" daemon [_thread_blocked, id=58884, stack(0x00000000587a0000,0x00000000588a0000)]
  0x00000000577fa000 JavaThread "File Watcher" daemon [_thread_blocked, id=58964, stack(0x000000005cfb0000,0x000000005d0b0000)]
  0x00000000577f9800 JavaThread "Thread-9" [_thread_blocked, id=58752, stack(0x000000005e530000,0x000000005e630000)]
  0x000000005b3d0000 JavaThread "DestroyJavaVM" [_thread_blocked, id=49916, stack(0x0000000001f50000,0x0000000002050000)]
  0x0000000055f30800 JavaThread "Service Thread" daemon [_thread_blocked, id=51540, stack(0x0000000056ba0000,0x0000000056ca0000)]
  0x0000000055f0e800 JavaThread "C1 CompilerThread2" daemon [_thread_blocked, id=51860, stack(0x0000000056800000,0x0000000056900000)]
  0x0000000055f0e000 JavaThread "C2 CompilerThread1" daemon [_thread_blocked, id=49188, stack(0x0000000056910000,0x0000000056a10000)]
=>0x0000000055eb7000 JavaThread "C2 CompilerThread0" daemon [_thread_in_native, id=52072, stack(0x0000000056630000,0x0000000056730000)]
  0x0000000054c6f800 JavaThread "Attach Listener" daemon [_thread_blocked, id=52112, stack(0x0000000056500000,0x0000000056600000)]
  0x0000000054c6e000 JavaThread "Signal Dispatcher" daemon [_thread_blocked, id=51556, stack(0x0000000056340000,0x0000000056440000)]
  0x0000000054c4f000 JavaThread "Finalizer" daemon [_thread_blocked, id=49160, stack(0x0000000055db0000,0x0000000055eb0000)]
  0x0000000054c08000 JavaThread "Reference Handler" daemon [_thread_blocked, id=50868, stack(0x0000000055ba0000,0x0000000055ca0000)]

Other Threads:
  0x0000000054c00800 VMThread [stack: 0x0000000055ca0000,0x0000000055da0000] [id=52108]
  0x0000000055f3e000 WatcherThread [stack: 0x0000000056df0000,0x0000000056ef0000] [id=51880]

VM state:not at safepoint (normal execution)

VM Mutex/Monitor currently owned by a thread: None

Heap:
 PSYoungGen      total 234496K, used 13312K [0x00000000eb500000, 0x00000000fab80000, 0x0000000100000000)
  eden space 217600K, 2% used [0x00000000eb500000,0x00000000eb9ce9f8,0x00000000f8980000)
  from space 16896K, 49% used [0x00000000f9b00000,0x00000000fa3319d0,0x00000000fab80000)
  to   space 17408K, 0% used [0x00000000f8980000,0x00000000f8980000,0x00000000f9a80000)
 ParOldGen       total 65024K, used 28335K [0x00000000c1e00000, 0x00000000c5d80000, 0x00000000eb500000)
  object space 65024K, 43% used [0x00000000c1e00000,0x00000000c39abd10,0x00000000c5d80000)
 Metaspace       used 57333K, capacity 59858K, committed 60072K, reserved 1101824K
  class space    used 7598K, capacity 8062K, committed 8104K, reserved 1048576K

Card table byte_map: [0x00000000116e0000,0x00000000118e0000] byte_map_base: 0x00000000110d1000

Marking Bits: (ParMarkBitMap*) 0x000000006aaba6c0
 Begin Bits: [0x0000000012160000, 0x00000000130e8000)
 End Bits:   [0x00000000130e8000, 0x0000000014070000)

Polling page: 0x0000000000450000

CodeCache: size=245760Kb used=22463Kb max_used=22466Kb free=223296Kb
 bounds [0x0000000002320000, 0x0000000003930000, 0x0000000011320000]
 total_blobs=6575 nmethods=6069 adapters=417
 compilation: enabled

Compilation events (10 events):
Event: 403.578 Thread 0x0000000055f0e800 nmethod 7162 0x000000000390f310 code [0x000000000390f460, 0x000000000390f630]
Event: 403.584 Thread 0x0000000055f0e000 nmethod 7157 0x0000000003927690 code [0x0000000003927880, 0x00000000039283a0]
Event: 403.584 Thread 0x0000000055f0e000 7158       4       java.util.Formatter$FormatSpecifier::checkBadFlags (39 bytes)
Event: 403.587 Thread 0x0000000055f0e000 nmethod 7158 0x000000000390eed0 code [0x000000000390f020, 0x000000000390f1b8]
Event: 403.590 Thread 0x0000000055f0e800 7163       3       org.hibernate.type.BasicTypeRegistry::register (12 bytes)
Event: 403.591 Thread 0x0000000055f0e800 nmethod 7163 0x00000000039271d0 code [0x0000000003927340, 0x00000000039275b8]
Event: 403.591 Thread 0x0000000055f0e800 7164       3       org.hibernate.type.BasicTypeRegistry::register (140 bytes)
Event: 403.592 Thread 0x0000000055f0e800 nmethod 7164 0x00000000039256d0 code [0x0000000003925940, 0x00000000039269c8]
Event: 403.594 Thread 0x0000000055f0e800 7165       3       java.lang.Character::isDigit (5 bytes)
Event: 403.595 Thread 0x0000000055f0e800 nmethod 7165 0x0000000003925090 code [0x0000000003925220, 0x0000000003925558]

GC Heap History (10 events):
Event: 209.104 GC heap before
{Heap before GC invocations=18 (full 3):
 PSYoungGen      total 191488K, used 173568K [0x00000000eb500000, 0x00000000f8180000, 0x0000000100000000)
  eden space 173568K, 100% used [0x00000000eb500000,0x00000000f5e80000,0x00000000f5e80000)
  from space 17920K, 0% used [0x00000000f7000000,0x00000000f7000000,0x00000000f8180000)
  to   space 17920K, 0% used [0x00000000f5e80000,0x00000000f5e80000,0x00000000f7000000)
 ParOldGen       total 65024K, used 30690K [0x00000000c1e00000, 0x00000000c5d80000, 0x00000000eb500000)
  object space 65024K, 47% used [0x00000000c1e00000,0x00000000c3bf8940,0x00000000c5d80000)
 Metaspace       used 56503K, capacity 58914K, committed 59048K, reserved 1099776K
  class space    used 7550K, capacity 8013K, committed 8104K, reserved 1048576K
Event: 209.290 GC heap after
Heap after GC invocations=18 (full 3):
 PSYoungGen      total 191488K, used 9657K [0x00000000eb500000, 0x00000000fac80000, 0x0000000100000000)
  eden space 173568K, 0% used [0x00000000eb500000,0x00000000eb500000,0x00000000f5e80000)
  from space 17920K, 53% used [0x00000000f5e80000,0x00000000f67ee4b0,0x00000000f7000000)
  to   space 17920K, 0% used [0x00000000f9b00000,0x00000000f9b00000,0x00000000fac80000)
 ParOldGen       total 65024K, used 30698K [0x00000000c1e00000, 0x00000000c5d80000, 0x00000000eb500000)
  object space 65024K, 47% used [0x00000000c1e00000,0x00000000c3bfa940,0x00000000c5d80000)
 Metaspace       used 56503K, capacity 58914K, committed 59048K, reserved 1099776K
  class space    used 7550K, capacity 8013K, committed 8104K, reserved 1048576K
}
Event: 260.025 GC heap before
{Heap before GC invocations=19 (full 3):
 PSYoungGen      total 191488K, used 44052K [0x00000000eb500000, 0x00000000fac80000, 0x0000000100000000)
  eden space 173568K, 19% used [0x00000000eb500000,0x00000000ed696cb0,0x00000000f5e80000)
  from space 17920K, 53% used [0x00000000f5e80000,0x00000000f67ee4b0,0x00000000f7000000)
  to   space 17920K, 0% used [0x00000000f9b00000,0x00000000f9b00000,0x00000000fac80000)
 ParOldGen       total 65024K, used 30698K [0x00000000c1e00000, 0x00000000c5d80000, 0x00000000eb500000)
  object space 65024K, 47% used [0x00000000c1e00000,0x00000000c3bfa940,0x00000000c5d80000)
 Metaspace       used 56641K, capacity 59026K, committed 59304K, reserved 1099776K
  class space    used 7556K, capacity 8022K, committed 8104K, reserved 1048576K
Event: 260.047 GC heap after
Heap after GC invocations=19 (full 3):
 PSYoungGen      total 234496K, used 4224K [0x00000000eb500000, 0x00000000fab80000, 0x0000000100000000)
  eden space 217600K, 0% used [0x00000000eb500000,0x00000000eb500000,0x00000000f8980000)
  from space 16896K, 25% used [0x00000000f9b00000,0x00000000f9f20000,0x00000000fab80000)
  to   space 17408K, 0% used [0x00000000f8980000,0x00000000f8980000,0x00000000f9a80000)
 ParOldGen       total 65024K, used 30698K [0x00000000c1e00000, 0x00000000c5d80000, 0x00000000eb500000)
  object space 65024K, 47% used [0x00000000c1e00000,0x00000000c3bfa940,0x00000000c5d80000)
 Metaspace       used 56641K, capacity 59026K, committed 59304K, reserved 1099776K
  class space    used 7556K, capacity 8022K, committed 8104K, reserved 1048576K
}
Event: 260.047 GC heap before
{Heap before GC invocations=20 (full 4):
 PSYoungGen      total 234496K, used 4224K [0x00000000eb500000, 0x00000000fab80000, 0x0000000100000000)
  eden space 217600K, 0% used [0x00000000eb500000,0x00000000eb500000,0x00000000f8980000)
  from space 16896K, 25% used [0x00000000f9b00000,0x00000000f9f20000,0x00000000fab80000)
  to   space 17408K, 0% used [0x00000000f8980000,0x00000000f8980000,0x00000000f9a80000)
 ParOldGen       total 65024K, used 30698K [0x00000000c1e00000, 0x00000000c5d80000, 0x00000000eb500000)
  object space 65024K, 47% used [0x00000000c1e00000,0x00000000c3bfa940,0x00000000c5d80000)
 Metaspace       used 56641K, capacity 59026K, committed 59304K, reserved 1099776K
  class space    used 7556K, capacity 8022K, committed 8104K, reserved 1048576K
Event: 260.265 GC heap after
Heap after GC invocations=20 (full 4):
 PSYoungGen      total 234496K, used 0K [0x00000000eb500000, 0x00000000fab80000, 0x0000000100000000)
  eden space 217600K, 0% used [0x00000000eb500000,0x00000000eb500000,0x00000000f8980000)
  from space 16896K, 0% used [0x00000000f9b00000,0x00000000f9b00000,0x00000000fab80000)
  to   space 17408K, 0% used [0x00000000f8980000,0x00000000f8980000,0x00000000f9a80000)
 ParOldGen       total 65024K, used 28327K [0x00000000c1e00000, 0x00000000c5d80000, 0x00000000eb500000)
  object space 65024K, 43% used [0x00000000c1e00000,0x00000000c39a9d10,0x00000000c5d80000)
 Metaspace       used 56638K, capacity 59020K, committed 59304K, reserved 1099776K
  class space    used 7556K, capacity 8020K, committed 8104K, reserved 1048576K
}
Event: 358.372 GC heap before
{Heap before GC invocations=21 (full 4):
 PSYoungGen      total 234496K, used 217600K [0x00000000eb500000, 0x00000000fab80000, 0x0000000100000000)
  eden space 217600K, 100% used [0x00000000eb500000,0x00000000f8980000,0x00000000f8980000)
  from space 16896K, 0% used [0x00000000f9b00000,0x00000000f9b00000,0x00000000fab80000)
  to   space 17408K, 0% used [0x00000000f8980000,0x00000000f8980000,0x00000000f9a80000)
 ParOldGen       total 65024K, used 28327K [0x00000000c1e00000, 0x00000000c5d80000, 0x00000000eb500000)
  object space 65024K, 43% used [0x00000000c1e00000,0x00000000c39a9d10,0x00000000c5d80000)
 Metaspace       used 56983K, capacity 59408K, committed 59560K, reserved 1101824K
  class space    used 7585K, capacity 8046K, committed 8104K, reserved 1048576K
Event: 358.416 GC heap after
Heap after GC invocations=21 (full 4):
 PSYoungGen      total 235008K, used 8451K [0x00000000eb500000, 0x00000000fab80000, 0x0000000100000000)
  eden space 217600K, 0% used [0x00000000eb500000,0x00000000eb500000,0x00000000f8980000)
  from space 17408K, 48% used [0x00000000f8980000,0x00000000f91c0ec0,0x00000000f9a80000)
  to   space 16896K, 0% used [0x00000000f9b00000,0x00000000f9b00000,0x00000000fab80000)
 ParOldGen       total 65024K, used 28327K [0x00000000c1e00000, 0x00000000c5d80000, 0x00000000eb500000)
  object space 65024K, 43% used [0x00000000c1e00000,0x00000000c39a9d10,0x00000000c5d80000)
 Metaspace       used 56983K, capacity 59408K, committed 59560K, reserved 1101824K
  class space    used 7585K, capacity 8046K, committed 8104K, reserved 1048576K
}
Event: 403.214 GC heap before
{Heap before GC invocations=22 (full 4):
 PSYoungGen      total 235008K, used 226051K [0x00000000eb500000, 0x00000000fab80000, 0x0000000100000000)
  eden space 217600K, 100% used [0x00000000eb500000,0x00000000f8980000,0x00000000f8980000)
  from space 17408K, 48% used [0x00000000f8980000,0x00000000f91c0ec0,0x00000000f9a80000)
  to   space 16896K, 0% used [0x00000000f9b00000,0x00000000f9b00000,0x00000000fab80000)
 ParOldGen       total 65024K, used 28327K [0x00000000c1e00000, 0x00000000c5d80000, 0x00000000eb500000)
  object space 65024K, 43% used [0x00000000c1e00000,0x00000000c39a9d10,0x00000000c5d80000)
 Metaspace       used 57322K, capacity 59858K, committed 60072K, reserved 1101824K
  class space    used 7598K, capacity 8062K, committed 8104K, reserved 1048576K
Event: 403.224 GC heap after
Heap after GC invocations=22 (full 4):
 PSYoungGen      total 234496K, used 8390K [0x00000000eb500000, 0x00000000fab80000, 0x0000000100000000)
  eden space 217600K, 0% used [0x00000000eb500000,0x00000000eb500000,0x00000000f8980000)
  from space 16896K, 49% used [0x00000000f9b00000,0x00000000fa3319d0,0x00000000fab80000)
  to   space 17408K, 0% used [0x00000000f8980000,0x00000000f8980000,0x00000000f9a80000)
 ParOldGen       total 65024K, used 28335K [0x00000000c1e00000, 0x00000000c5d80000, 0x00000000eb500000)
  object space 65024K, 43% used [0x00000000c1e00000,0x00000000c39abd10,0x00000000c5d80000)
 Metaspace       used 57322K, capacity 59858K, committed 60072K, reserved 1101824K
  class space    used 7598K, capacity 8062K, committed 8104K, reserved 1048576K
}

Deoptimization events (10 events):
Event: 204.477 Thread 0x00000000577f3800 Uncommon trap: reason=class_check action=maybe_recompile pc=0x0000000002b0581c method=java.lang.reflect.Array.newInstance(Ljava/lang/Class;I)Ljava/lang/Object; @ 2
Event: 204.478 Thread 0x00000000577f3800 Uncommon trap: reason=class_check action=maybe_recompile pc=0x0000000002b0581c method=java.lang.reflect.Array.newInstance(Ljava/lang/Class;I)Ljava/lang/Object; @ 2
Event: 204.531 Thread 0x00000000577f3800 Uncommon trap: reason=bimorphic action=maybe_recompile pc=0x0000000002dbc4fc method=java.util.Collections$SetFromMap.contains(Ljava/lang/Object;)Z @ 5
Event: 204.532 Thread 0x00000000577f3800 Uncommon trap: reason=class_check action=maybe_recompile pc=0x0000000002b0581c method=java.lang.reflect.Array.newInstance(Ljava/lang/Class;I)Ljava/lang/Object; @ 2
Event: 209.002 Thread 0x00000000577f3800 Uncommon trap: reason=bimorphic action=maybe_recompile pc=0x0000000002dbc4fc method=java.util.Collections$SetFromMap.contains(Ljava/lang/Object;)Z @ 5
Event: 209.579 Thread 0x00000000577f3800 Uncommon trap: reason=unstable_if action=reinterpret pc=0x0000000002b073e0 method=org.springframework.util.ConcurrentReferenceHashMap$Segment.restructureIfNecessary(Z)V @ 119
Event: 261.161 Thread 0x000000005b49b800 Uncommon trap: reason=null_check action=make_not_entrant pc=0x000000000315bb00 method=org.springframework.core.annotation.AnnotationUtils.isSynthesizable(Ljava/lang/Class;)Z @ 119
Event: 358.979 Thread 0x00000000577f8800 Uncommon trap: reason=null_check action=maybe_recompile pc=0x00000000037aca1c method=org.springframework.boot.context.properties.source.DefaultPropertyMapper.map(Lorg/springframework/boot/context/properties/source/ConfigurationPropertyName;)[Lorg/springfra
C©ƒ´ov@
Event: 358.979 Thread 0x00000000577f8800 Uncommon trap: reason=null_check action=maybe_recompile pc=0x00000000037aca1c method=org.springframework.boot.context.properties.source.DefaultPropertyMapper.map(Lorg/springframework/boot/context/properties/source/ConfigurationPropertyName;)[Lorg/springfraJ¶.\¨ov@
Event: 358.980 Thread 0x00000000577f8800 Uncommon trap: reason=null_check action=maybe_recompile pc=0x00000000037aca1c method=org.springframework.boot.context.properties.source.DefaultPropertyMapper.map(Lorg/springframework/boot/context/properties/source/ConfigurationPropertyName;)[Lorg/springfra†n!>Cèi@

Internal exceptions (10 events):
Event: 403.179 Thread 0x00000000577f8000 Implicit null exception at 0x0000000002b5aa0d to 0x0000000002b5af64
Event: 403.179 Thread 0x00000000577f8000 Exception <a 'java/lang/NullPointerException'> (0x00000000f87f36c8) thrown at [C:\re\workspace\8-2-build-windows-amd64-cygwin\jdk8u102\7268\hotspot\src\share\vm\runtime\sharedRuntime.cpp, line 605]
Event: 403.180 Thread 0x00000000577f8000 Implicit null exception at 0x0000000002b5aa0d to 0x0000000002b5af64
Event: 403.180 Thread 0x00000000577f8000 Exception <a 'java/lang/NullPointerException'> (0x00000000f87f4b40) thrown at [C:\re\workspace\8-2-build-windows-amd64-cygwin\jdk8u102\7268\hotspot\src\share\vm\runtime\sharedRuntime.cpp, line 605]
Event: 403.180 Thread 0x00000000577f8000 Implicit null exception at 0x0000000002b5aa0d to 0x0000000002b5af64
Event: 403.180 Thread 0x00000000577f8000 Exception <a 'java/lang/NullPointerException'> (0x00000000f87f5ff0) thrown at [C:\re\workspace\8-2-build-windows-amd64-cygwin\jdk8u102\7268\hotspot\src\share\vm\runtime\sharedRuntime.cpp, line 605]
Event: 403.180 Thread 0x00000000577f8000 Implicit null exception at 0x0000000002b5aa0d to 0x0000000002b5af64
Event: 403.180 Thread 0x00000000577f8000 Exception <a 'java/lang/NullPointerException'> (0x00000000f87f7330) thrown at [C:\re\workspace\8-2-build-windows-amd64-cygwin\jdk8u102\7268\hotspot\src\share\vm\runtime\sharedRuntime.cpp, line 605]
Event: 403.180 Thread 0x00000000577f8000 Implicit null exception at 0x0000000002b5aa0d to 0x0000000002b5af64
Event: 403.180 Thread 0x00000000577f8000 Exception <a 'java/lang/NullPointerException'> (0x00000000f87f8750) thrown at [C:\re\workspace\8-2-build-windows-amd64-cygwin\jdk8u102\7268\hotspot\src\share\vm\runtime\sharedRuntime.cpp, line 605]

Events (10 events):
Event: 403.530 Thread 0x00000000577fc800 Thread added: 0x00000000577fc800
Event: 403.530 Executing VM operation: RevokeBias
Event: 403.530 Executing VM operation: RevokeBias done
Event: 403.552 Thread 0x00000000577fb800 Thread added: 0x00000000577fb800
Event: 403.568 loading class org/springframework/boot/orm/jpa/hibernate/SpringImplicitNamingStrategy
Event: 403.568 loading class org/springframework/boot/orm/jpa/hibernate/SpringImplicitNamingStrategy done
Event: 403.568 loading class org/springframework/boot/orm/jpa/hibernate/SpringPhysicalNamingStrategy
Event: 403.568 loading class org/springframework/boot/orm/jpa/hibernate/SpringPhysicalNamingStrategy done
Event: 403.591 loading class org/hibernate/dialect/PostgreSQLDialect
Event: 403.591 loading class org/hibernate/dialect/PostgreSQLDialect done


Dynamic libraries:
0x000000013f470000 - 0x000000013f4a7000 	C:\Program Files\Java\jdk1.8.0_102\jre\bin\java.exe
0x00000000779f0000 - 0x0000000077b99000 	C:\Windows\SYSTEM32\ntdll.dll
0x00000000778d0000 - 0x00000000779ef000 	C:\Windows\system32\kernel32.dll
0x000007fefd990000 - 0x000007fefd9fc000 	C:\Windows\system32\KERNELBASE.dll
0x000007fefe8b0000 - 0x000007fefe98b000 	C:\Windows\system32\ADVAPI32.dll
0x000007fefdbe0000 - 0x000007fefdc7f000 	C:\Windows\system32\msvcrt.dll
0x000007fefe9b0000 - 0x000007fefe9cf000 	C:\Windows\SYSTEM32\sechost.dll
0x000007fefe490000 - 0x000007fefe5bd000 	C:\Windows\system32\RPCRT4.dll
0x00000000777d0000 - 0x00000000778ca000 	C:\Windows\system32\USER32.dll
0x000007fefdf30000 - 0x000007fefdf97000 	C:\Windows\system32\GDI32.dll
0x000007feffcf0000 - 0x000007feffcfe000 	C:\Windows\system32\LPK.dll
0x000007fefe620000 - 0x000007fefe6e9000 	C:\Windows\system32\USP10.dll
0x000007fefc800000 - 0x000007fefc9f4000 	C:\Windows\WinSxS\amd64_microsoft.windows.common-controls_6595b64144ccf1df_6.0.7601.17514_none_fa396087175ac9ac\COMCTL32.dll
0x000007fefe230000 - 0x000007fefe2a1000 	C:\Windows\system32\SHLWAPI.dll
0x000007fefdff0000 - 0x000007fefe01e000 	C:\Windows\system32\IMM32.DLL
0x000007fefe7a0000 - 0x000007fefe8a9000 	C:\Windows\system32\MSCTF.dll
0x000007fefd8d0000 - 0x000007fefd8d5000 	C:\Windows\system32\api-ms-win-downlevel-advapi32-l1-1-0.dll
0x000007fefd630000 - 0x000007fefd655000 	C:\Windows\system32\SspiCli.dll
0x000000006ab40000 - 0x000000006ac11000 	C:\Program Files\Java\jdk1.8.0_102\jre\bin\msvcr100.dll
0x000000006a2a0000 - 0x000000006ab3a000 	C:\Program Files\Java\jdk1.8.0_102\jre\bin\server\jvm.dll
0x000007fee9890000 - 0x000007fee9899000 	C:\Windows\system32\WSOCK32.dll
0x000007fefdfa0000 - 0x000007fefdfed000 	C:\Windows\system32\WS2_32.dll
0x000007fefe6f0000 - 0x000007fefe6f8000 	C:\Windows\system32\NSI.dll
0x000007fefaf00000 - 0x000007fefaf3b000 	C:\Windows\system32\WINMM.dll
0x000007fefc560000 - 0x000007fefc56c000 	C:\Windows\system32\VERSION.dll
0x0000000077bb0000 - 0x0000000077bb7000 	C:\Windows\system32\PSAPI.DLL
0x0000000075310000 - 0x000000007531f000 	C:\Program Files\Java\jdk1.8.0_102\jre\bin\verify.dll
0x0000000075260000 - 0x0000000075289000 	C:\Program Files\Java\jdk1.8.0_102\jre\bin\java.dll
0x00000000752a0000 - 0x00000000752b6000 	C:\Program Files\Java\jdk1.8.0_102\jre\bin\zip.dll
0x000007fefed30000 - 0x000007feffab8000 	C:\Windows\system32\SHELL32.dll
0x000007fefe020000 - 0x000007fefe223000 	C:\Windows\system32\ole32.dll
0x000007fefd820000 - 0x000007fefd82f000 	C:\Windows\system32\profapi.dll
0x00000000749b0000 - 0x00000000749bd000 	C:\Program Files\Java\jdk1.8.0_102\jre\bin\management.dll
0x00000000752d0000 - 0x00000000752ea000 	C:\Program Files\Java\jdk1.8.0_102\jre\bin\net.dll
0x000007fefd000000 - 0x000007fefd055000 	C:\Windows\system32\mswsock.dll
0x000007fefcff0000 - 0x000007fefcff7000 	C:\Windows\System32\wship6.dll
0x000007fefaac0000 - 0x000007fefaad5000 	C:\Windows\system32\NLAapi.dll
0x000007fef6430000 - 0x000007fef6445000 	C:\Windows\system32\napinsp.dll
0x000007fef6400000 - 0x000007fef6419000 	C:\Windows\system32\pnrpnsp.dll
0x000007fefce80000 - 0x000007fefcedb000 	C:\Windows\system32\DNSAPI.dll
0x000007fef63f0000 - 0x000007fef63fb000 	C:\Windows\System32\winrnr.dll
0x000007fef82e0000 - 0x000007fef830f000 	C:\Program Files\Common Files\Microsoft Shared\Windows Live\WLIDNSP.DLL
0x000007fef63e0000 - 0x000007fef63f0000 	C:\Windows\system32\wshbth.dll
0x000007fefc630000 - 0x000007fefc637000 	C:\Windows\System32\wshtcpip.dll
0x000007fefa7c0000 - 0x000007fefa7e7000 	C:\Windows\system32\IPHLPAPI.DLL
0x000007fefa7b0000 - 0x000007fefa7bb000 	C:\Windows\system32\WINNSI.DLL
0x000007fef81b0000 - 0x000007fef81b8000 	C:\Windows\system32\rasadhlp.dll
0x000007fefa660000 - 0x000007fefa6b3000 	C:\Windows\System32\fwpuclnt.dll
0x00000000749c0000 - 0x00000000749d1000 	C:\Program Files\Java\jdk1.8.0_102\jre\bin\nio.dll
0x000007fefd060000 - 0x000007fefd077000 	C:\Windows\system32\CRYPTSP.dll
0x000007fefcd20000 - 0x000007fefcd67000 	C:\Windows\system32\rsaenh.dll
0x000007fefda00000 - 0x000007fefda1e000 	C:\Windows\system32\USERENV.dll
0x000007fefd6c0000 - 0x000007fefd6cf000 	C:\Windows\system32\CRYPTBASE.dll
0x000007fefa5c0000 - 0x000007fefa5d1000 	C:\Windows\system32\dhcpcsvc6.DLL
0x000007fefa5a0000 - 0x000007fefa5b8000 	C:\Windows\system32\dhcpcsvc.DLL

VM Arguments:
java_command: com.example.easynotes.EasyNotesApplication
java_class_path (initial): C:\am_ai\easy-notes\target\classes;C:\Users\Administrator\.m2\repository\org\springframework\boot\spring-boot-starter-data-jpa\2.0.1.RELEASE\spring-boot-starter-data-jpa-2.0.1.RELEASE.jar;C:\Users\Administrator\.m2\repository\org\springframework\boot\spring-boot-starter\2.0.1.RELEASE\spring-boot-starter-2.0.1.RELEASE.jar;C:\Users\Administrator\.m2\repository\org\springframework\boot\spring-boot-starter-logging\2.0.1.RELEASE\spring-boot-starter-logging-2.0.1.RELEASE.jar;C:\Users\Administrator\.m2\repository\ch\qos\logback\logback-classic\1.2.3\logback-classic-1.2.3.jar;C:\Users\Administrator\.m2\repository\ch\qos\logback\logback-core\1.2.3\logback-core-1.2.3.jar;C:\Users\Administrator\.m2\repository\org\apache\logging\log4j\log4j-to-slf4j\2.10.0\log4j-to-slf4j-2.10.0.jar;C:\Users\Administrator\.m2\repository\org\apache\logging\log4j\log4j-api\2.10.0\log4j-api-2.10.0.jar;C:\Users\Administrator\.m2\repository\org\slf4j\jul-to-slf4j\1.7.25\jul-to-slf4j-1.7.25.jar;C:\Users\Administrator\.m2\repository\org\yaml\snakeyaml\1.19\snakeyaml-1.19.jar;C:\Users\Administrator\.m2\repository\org\springframework\boot\spring-boot-starter-aop\2.0.1.RELEASE\spring-boot-starter-aop-2.0.1.RELEASE.jar;C:\Users\Administrator\.m2\repository\org\springframework\spring-aop\5.0.5.RELEASE\spring-aop-5.0.5.RELEASE.jar;C:\Users\Administrator\.m2\repository\org\aspectj\aspectjweaver\1.8.13\aspectjweaver-1.8.13.jar;C:\Users\Administrator\.m2\repository\org\springframework\boot\spring-boot-starter-jdbc\2.0.1.RELEASE\spring-boot-starter-jdbc-2.0.1.RELEASE.jar;C:\Users\Administrator\.m2\repository\com\zaxxer\HikariCP\2.7.8\HikariCP-2.7.8.jar;C:\Users\Administrator\.m2\repository\org\springframework\spring-jdbc\5.0.5.RELEASE\spring-jdbc-5.0.5.RELEASE.jar;C:\Users\Administrator\.m2\repository\org\hibernate\hibernate-core\5.2.16.Final\hibernate-core-5.2.16.Final.jar;C:\Users\Administrator\.m2\repository\org\jboss\logging\jboss-logging\3.3.2.Final\jboss-logging-3.3.2.Final.jar
Launcher Type: SUN_STANDARD

Environment Variables:
JAVA_HOME=C:\Program Files\Java\jdk1.8.0_102
CLASSPATH=F:\apache-tomcat\lib;
USERNAME=Administrator
OS=Windows_NT
PROCESSOR_IDENTIFIER=Intel64 Family 6 Model 58 Stepping 9, GenuineIntel



---------------  S Y S T E M  ---------------

OS: Windows 7 , 64 bit Build 7601 (6.1.7601.18409)

CPU:total 4 (2 cores per cpu, 2 threads per core) family 6 model 58 stepping 9, cmov, cx8, fxsr, mmx, sse, sse2, sse3, ssse3, sse4.1, sse4.2, popcnt, avx, aes, clmul, erms, ht, tsc, tscinvbit, tscinv

Memory: 4k page, physical 4066668k(511060k free), swap 5113380k(5484k free)

vm_info: Java HotSpot(TM) 64-Bit Server VM (25.102-b14) for windows-amd64 JRE (1.8.0_102-b14), built on Jun 22 2016 13:15:21 by "java_re" with MS VC++ 10.0 (VS2010)

time: Sun Apr 29 03:15:49 2018
elapsed time: 403 seconds (0d 0h 6m 43s)

