#
# There is insufficient memory for the Java Runtime Environment to continue.
# Native memory allocation (malloc) failed to allocate 32744 bytes for ChunkPool::allocate
# Possible reasons:
#   The system is out of physical RAM or swap space
#   In 32 bit mode, the process size limit was hit
# Possible solutions:
#   Reduce memory load on the system
#   Increase physical memory or swap space
#   Check if swap backing store is full
#   Use 64 bit Java on a 64 bit OS
#   Decrease Java heap size (-Xmx/-Xms)
#   Decrease number of Java threads
#   Decrease Java thread stack sizes (-Xss)
#   Set larger code cache with -XX:ReservedCodeCacheSize=
# This output file may be truncated or incomplete.
#
#  Out of Memory Error (allocation.cpp:273), pid=47928, tid=0x000000000000b53c
#
# JRE version: Java(TM) SE Runtime Environment (8.0_102-b14) (build 1.8.0_102-b14)
# Java VM: Java HotSpot(TM) 64-Bit Server VM (25.102-b14 mixed mode windows-amd64 compressed oops)
# Failed to write core dump. Minidumps are not enabled by default on client versions of Windows
#

---------------  T H R E A D  ---------------

Current thread (0x0000000054b7b000):  JavaThread "C2 CompilerThread1" daemon [_thread_in_native, id=46396, stack(0x00000000569a0000,0x0000000056aa0000)]

Stack: [0x00000000569a0000,0x0000000056aa0000]
[error occurred during error reporting (printing stack bounds), id 0xc0000005]

Native frames: (J=compiled Java code, j=interpreted, Vv=VM code, C=native code)


Current CompileTask:
C2:  11913 3342   !   4       java.net.URLClassLoader$1::run (63 bytes)


---------------  P R O C E S S  ---------------

Java Threads: ( => current thread )
  0x0000000056189800 JavaThread "Service Thread" daemon [_thread_blocked, id=47180, stack(0x0000000056bd0000,0x0000000056cd0000)]
  0x0000000056121800 JavaThread "C1 CompilerThread2" daemon [_thread_blocked, id=46860, stack(0x0000000056ad0000,0x0000000056bd0000)]
=>0x0000000054b7b000 JavaThread "C2 CompilerThread1" daemon [_thread_in_native, id=46396, stack(0x00000000569a0000,0x0000000056aa0000)]
  0x0000000056116800 JavaThread "C2 CompilerThread0" daemon [_thread_in_native, id=46960, stack(0x0000000056750000,0x0000000056850000)]
  0x0000000054b79000 JavaThread "Attach Listener" daemon [_thread_blocked, id=47856, stack(0x0000000055cb0000,0x0000000055db0000)]
  0x0000000054b78800 JavaThread "Signal Dispatcher" daemon [_thread_blocked, id=47904, stack(0x0000000056600000,0x0000000056700000)]
  0x0000000054b5a000 JavaThread "Finalizer" daemon [_thread_blocked, id=47564, stack(0x0000000056010000,0x0000000056110000)]
  0x0000000054b13000 JavaThread "Reference Handler" daemon [_thread_blocked, id=47912, stack(0x0000000055e20000,0x0000000055f20000)]
  0x000000000026f800 JavaThread "main" [_thread_in_vm, id=47508, stack(0x0000000002030000,0x0000000002130000)]

Other Threads:
  0x0000000054b0b800 VMThread [stack: 0x0000000055b60000,0x0000000055c60000] [id=47312]
  0x0000000056198800 WatcherThread [stack: 0x0000000056e60000,0x0000000056f60000] [id=46428]

VM state:not at safepoint (normal execution)

VM Mutex/Monitor currently owned by a thread: None

Heap:
 PSYoungGen      total 74240K, used 62230K [0x00000000eb500000, 0x00000000f4c00000, 0x0000000100000000)
  eden space 65024K, 81% used [0x00000000eb500000,0x00000000ee8cd858,0x00000000ef480000)
  from space 9216K, 99% used [0x00000000ef480000,0x00000000efd78020,0x00000000efd80000)
  to   space 12288K, 0% used [0x00000000f4000000,0x00000000f4000000,0x00000000f4c00000)
 ParOldGen       total 44032K, used 15266K [0x00000000c1e00000, 0x00000000c4900000, 0x00000000eb500000)
  object space 44032K, 34% used [0x00000000c1e00000,0x00000000c2ce8910,0x00000000c4900000)
 Metaspace       used 19283K, capacity 19714K, committed 19968K, reserved 1067008K
  class space    used 2332K, capacity 2453K, committed 2560K, reserved 1048576K

Card table byte_map: [0x00000000117c0000,0x00000000119c0000] byte_map_base: 0x00000000111b1000

Marking Bits: (ParMarkBitMap*) 0x000000006aaba6c0
 Begin Bits: [0x0000000012070000, 0x0000000012ff8000)
 End Bits:   [0x0000000012ff8000, 0x0000000013f80000)

Polling page: 0x0000000000250000

CodeCache: size=245760Kb used=12031Kb max_used=12031Kb free=233728Kb
 bounds [0x0000000002400000, 0x0000000002fd0000, 0x0000000011400000]
 total_blobs=3697 nmethods=3336 adapters=273
 compilation: enabled

Compilation events (10 events):
Event: 11.685 Thread 0x0000000056121800 nmethod 3337 0x0000000002fc2f10 code [0x0000000002fc30a0, 0x0000000002fc3448]
Event: 11.685 Thread 0x0000000056121800 3338       3       com.sun.tools.javac.util.List::nil (4 bytes)
Event: 11.685 Thread 0x0000000056121800 nmethod 3338 0x0000000002fc72d0 code [0x0000000002fc7420, 0x0000000002fc7550]
Event: 11.685 Thread 0x0000000056121800 3341       3       com.sun.tools.javac.util.Convert::chars2utf (159 bytes)
Event: 11.685 Thread 0x0000000056121800 nmethod 3341 0x0000000002fc75d0 code [0x0000000002fc7760, 0x0000000002fc7b50]
Event: 11.685 Thread 0x0000000056121800 3339       3       com.sun.tools.javac.code.AnnoConstruct::<init> (5 bytes)
Event: 11.685 Thread 0x0000000056121800 nmethod 3339 0x0000000002fc7f10 code [0x0000000002fc8060, 0x0000000002fc8210]
Event: 11.685 Thread 0x0000000056121800 3340       3       com.sun.tools.javac.util.Names::fromString (9 bytes)
Event: 11.686 Thread 0x0000000056121800 nmethod 3340 0x0000000002fc82d0 code [0x0000000002fc8460, 0x0000000002fc8978]
Event: 11.884 Thread 0x0000000054b7b000 3342   !   4       java.net.URLClassLoader$1::run (63 bytes)

GC Heap History (10 events):
Event: 1.787 GC heap before
{Heap before GC invocations=3 (full 0):
 PSYoungGen      total 18944K, used 18942K [0x00000000eb500000, 0x00000000eca00000, 0x0000000100000000)
  eden space 16384K, 100% used [0x00000000eb500000,0x00000000ec500000,0x00000000ec500000)
  from space 2560K, 99% used [0x00000000ec780000,0x00000000ec9ff9e0,0x00000000eca00000)
  to   space 2560K, 0% used [0x00000000ec500000,0x00000000ec500000,0x00000000ec780000)
 ParOldGen       total 44032K, used 1764K [0x00000000c1e00000, 0x00000000c4900000, 0x00000000eb500000)
  object space 44032K, 4% used [0x00000000c1e00000,0x00000000c1fb92e0,0x00000000c4900000)
 Metaspace       used 10464K, capacity 10654K, committed 10880K, reserved 1058816K
  class space    used 1313K, capacity 1379K, committed 1408K, reserved 1048576K
Event: 1.791 GC heap after
Heap after GC invocations=3 (full 0):
 PSYoungGen      total 18944K, used 2544K [0x00000000eb500000, 0x00000000eda00000, 0x0000000100000000)
  eden space 16384K, 0% used [0x00000000eb500000,0x00000000eb500000,0x00000000ec500000)
  from space 2560K, 99% used [0x00000000ec500000,0x00000000ec77c010,0x00000000ec780000)
  to   space 2560K, 0% used [0x00000000ed780000,0x00000000ed780000,0x00000000eda00000)
 ParOldGen       total 44032K, used 3910K [0x00000000c1e00000, 0x00000000c4900000, 0x00000000eb500000)
  object space 44032K, 8% used [0x00000000c1e00000,0x00000000c21d1a90,0x00000000c4900000)
 Metaspace       used 10464K, capacity 10654K, committed 10880K, reserved 1058816K
  class space    used 1313K, capacity 1379K, committed 1408K, reserved 1048576K
}
Event: 2.240 GC heap before
{Heap before GC invocations=4 (full 0):
 PSYoungGen      total 18944K, used 18928K [0x00000000eb500000, 0x00000000eda00000, 0x0000000100000000)
  eden space 16384K, 100% used [0x00000000eb500000,0x00000000ec500000,0x00000000ec500000)
  from space 2560K, 99% used [0x00000000ec500000,0x00000000ec77c010,0x00000000ec780000)
  to   space 2560K, 0% used [0x00000000ed780000,0x00000000ed780000,0x00000000eda00000)
 ParOldGen       total 44032K, used 3910K [0x00000000c1e00000, 0x00000000c4900000, 0x00000000eb500000)
  object space 44032K, 8% used [0x00000000c1e00000,0x00000000c21d1a90,0x00000000c4900000)
 Metaspace       used 12914K, capacity 13066K, committed 13312K, reserved 1060864K
  class space    used 1635K, capacity 1743K, committed 1792K, reserved 1048576K
Event: 2.246 GC heap after
Heap after GC invocations=4 (full 0):
 PSYoungGen      total 35328K, used 2544K [0x00000000eb500000, 0x00000000eda00000, 0x0000000100000000)
  eden space 32768K, 0% used [0x00000000eb500000,0x00000000eb500000,0x00000000ed500000)
  from space 2560K, 99% used [0x00000000ed780000,0x00000000ed9fc010,0x00000000eda00000)
  to   space 2560K, 0% used [0x00000000ed500000,0x00000000ed500000,0x00000000ed780000)
 ParOldGen       total 44032K, used 6708K [0x00000000c1e00000, 0x00000000c4900000, 0x00000000eb500000)
  object space 44032K, 15% used [0x00000000c1e00000,0x00000000c248d3b0,0x00000000c4900000)
 Metaspace       used 12914K, capacity 13066K, committed 13312K, reserved 1060864K
  class space    used 1635K, capacity 1743K, committed 1792K, reserved 1048576K
}
Event: 3.218 GC heap before
{Heap before GC invocations=5 (full 0):
 PSYoungGen      total 35328K, used 35312K [0x00000000eb500000, 0x00000000eda00000, 0x0000000100000000)
  eden space 32768K, 100% used [0x00000000eb500000,0x00000000ed500000,0x00000000ed500000)
  from space 2560K, 99% used [0x00000000ed780000,0x00000000ed9fc010,0x00000000eda00000)
  to   space 2560K, 0% used [0x00000000ed500000,0x00000000ed500000,0x00000000ed780000)
 ParOldGen       total 44032K, used 6708K [0x00000000c1e00000, 0x00000000c4900000, 0x00000000eb500000)
  object space 44032K, 15% used [0x00000000c1e00000,0x00000000c248d3b0,0x00000000c4900000)
 Metaspace       used 14512K, capacity 14760K, committed 14976K, reserved 1062912K
  class space    used 1789K, capacity 1876K, committed 1920K, reserved 1048576K
Event: 3.230 GC heap after
Heap after GC invocations=5 (full 0):
 PSYoungGen      total 35328K, used 2528K [0x00000000eb500000, 0x00000000f0600000, 0x0000000100000000)
  eden space 32768K, 0% used [0x00000000eb500000,0x00000000eb500000,0x00000000ed500000)
  from space 2560K, 98% used [0x00000000ed500000,0x00000000ed778040,0x00000000ed780000)
  to   space 8704K, 0% used [0x00000000efd80000,0x00000000efd80000,0x00000000f0600000)
 ParOldGen       total 44032K, used 12705K [0x00000000c1e00000, 0x00000000c4900000, 0x00000000eb500000)
  object space 44032K, 28% used [0x00000000c1e00000,0x00000000c2a686b8,0x00000000c4900000)
 Metaspace       used 14512K, capacity 14760K, committed 14976K, reserved 1062912K
  class space    used 1789K, capacity 1876K, committed 1920K, reserved 1048576K
}
Event: 3.897 GC heap before
{Heap before GC invocations=6 (full 0):
 PSYoungGen      total 35328K, used 35296K [0x00000000eb500000, 0x00000000f0600000, 0x0000000100000000)
  eden space 32768K, 100% used [0x00000000eb500000,0x00000000ed500000,0x00000000ed500000)
  from space 2560K, 98% used [0x00000000ed500000,0x00000000ed778040,0x00000000ed780000)
  to   space 8704K, 0% used [0x00000000efd80000,0x00000000efd80000,0x00000000f0600000)
 ParOldGen       total 44032K, used 12705K [0x00000000c1e00000, 0x00000000c4900000, 0x00000000eb500000)
  object space 44032K, 28% used [0x00000000c1e00000,0x00000000c2a686b8,0x00000000c4900000)
 Metaspace       used 15010K, capacity 15246K, committed 15488K, reserved 1062912K
  class space    used 1824K, capacity 1909K, committed 1920K, reserved 1048576K
Event: 3.928 GC heap after
Heap after GC invocations=6 (full 0):
 PSYoungGen      total 73728K, used 7180K [0x00000000eb500000, 0x00000000f0700000, 0x0000000100000000)
  eden space 65024K, 0% used [0x00000000eb500000,0x00000000eb500000,0x00000000ef480000)
  from space 8704K, 82% used [0x00000000efd80000,0x00000000f0483320,0x00000000f0600000)
  to   space 9216K, 0% used [0x00000000ef480000,0x00000000ef480000,0x00000000efd80000)
 ParOldGen       total 44032K, used 12705K [0x00000000c1e00000, 0x00000000c4900000, 0x00000000eb500000)
  object space 44032K, 28% used [0x00000000c1e00000,0x00000000c2a686b8,0x00000000c4900000)
 Metaspace       used 15010K, capacity 15246K, committed 15488K, reserved 1062912K
  class space    used 1824K, capacity 1909K, committed 1920K, reserved 1048576K
}
Event: 7.092 GC heap before
{Heap before GC invocations=7 (full 0):
 PSYoungGen      total 73728K, used 72204K [0x00000000eb500000, 0x00000000f0700000, 0x0000000100000000)
  eden space 65024K, 100% used [0x00000000eb500000,0x00000000ef480000,0x00000000ef480000)
  from space 8704K, 82% used [0x00000000efd80000,0x00000000f0483320,0x00000000f0600000)
  to   space 9216K, 0% used [0x00000000ef480000,0x00000000ef480000,0x00000000efd80000)
 ParOldGen       total 44032K, used 12705K [0x00000000c1e00000, 0x00000000c4900000, 0x00000000eb500000)
  object space 44032K, 28% used [0x00000000c1e00000,0x00000000c2a686b8,0x00000000c4900000)
 Metaspace       used 15508K, capacity 15756K, committed 16128K, reserved 1062912K
  class space    used 1842K, capacity 1946K, committed 2048K, reserved 1048576K
Event: 7.114 GC heap after
Heap after GC invocations=7 (full 0):
 PSYoungGen      total 74240K, used 9184K [0x00000000eb500000, 0x00000000f4c00000, 0x0000000100000000)
  eden space 65024K, 0% used [0x00000000eb500000,0x00000000eb500000,0x00000000ef480000)
  from space 9216K, 99% used [0x00000000ef480000,0x00000000efd78020,0x00000000efd80000)
  to   space 12288K, 0% used [0x00000000f4000000,0x00000000f4000000,0x00000000f4c00000)
 ParOldGen       total 44032K, used 15266K [0x00000000c1e00000, 0x00000000c4900000, 0x00000000eb500000)
  object space 44032K, 34% used [0x00000000c1e00000,0x00000000c2ce8910,0x00000000c4900000)
 Metaspace       used 15508K, capacity 15756K, committed 16128K, reserved 1062912K
  class space    used 1842K, capacity 1946K, committed 2048K, reserved 1048576K
}

Deoptimization events (10 events):
Event: 8.442 Thread 0x000000000026f800 Uncommon trap: reason=bimorphic action=maybe_recompile pc=0x000000000293d008 method=java.util.concurrent.ConcurrentHashMap.get(Ljava/lang/Object;)Ljava/lang/Object; @ 149
Event: 8.442 Thread 0x000000000026f800 Uncommon trap: reason=bimorphic action=maybe_recompile pc=0x000000000293d008 method=java.util.concurrent.ConcurrentHashMap.get(Ljava/lang/Object;)Ljava/lang/Object; @ 149
Event: 8.452 Thread 0x000000000026f800 Uncommon trap: reason=bimorphic action=maybe_recompile pc=0x0000000002992400 method=java.util.regex.Pattern$CharProperty.match(Ljava/util/regex/Matcher;ILjava/lang/CharSequence;)Z @ 37
Event: 8.530 Thread 0x000000000026f800 Uncommon trap: reason=null_check action=make_not_entrant pc=0x0000000002c30a54 method=com.google.inject.internal.InjectorImpl.callInContext(Lcom/google/inject/internal/ContextualCallable;)Ljava/lang/Object; @ 7
Event: 8.797 Thread 0x000000000026f800 Uncommon trap: reason=unstable_if action=reinterpret pc=0x0000000002e8a1f4 method=org.apache.maven.model.merge.ModelMerger.mergePlugin_Dependencies(Lorg/apache/maven/model/Plugin;Lorg/apache/maven/model/Plugin;ZLjava/util/Map;)V @ 64
Event: 10.160 Thread 0x000000000026f800 Uncommon trap: reason=class_check action=maybe_recompile pc=0x0000000002e61174 method=org.eclipse.sisu.wire.EntryListAdapter$ValueIterator.hasNext()Z @ 4
Event: 10.239 Thread 0x000000000026f800 Uncommon trap: reason=bimorphic action=maybe_recompile pc=0x0000000002992400 method=java.util.regex.Pattern$CharProperty.match(Ljava/util/regex/Matcher;ILjava/lang/CharSequence;)Z @ 37
Event: 10.248 Thread 0x000000000026f800 Uncommon trap: reason=unstable_if action=reinterpret pc=0x0000000002f16858 method=com.google.inject.internal.InjectorImpl.callInContext(Lcom/google/inject/internal/ContextualCallable;)Ljava/lang/Object; @ 161
Event: 11.373 Thread 0x000000000026f800 Uncommon trap: reason=unstable_if action=reinterpret pc=0x0000000002ec07c8 method=java.net.URI.match(CJJ)Z @ 19
Event: 11.375 Thread 0x000000000026f800 Uncommon trap: reason=unstable_if action=reinterpret pc=0x0000000002d63b38 method=java.nio.charset.CharsetDecoder.decode(Ljava/nio/ByteBuffer;Ljava/nio/CharBuffer;Z)Ljava/nio/charset/CoderResult; @ 1

Internal exceptions (10 events):
Event: 3.491 Thread 0x000000000026f800 Implicit null exception at 0x00000000026c61c5 to 0x00000000026c6399
Event: 3.491 Thread 0x000000000026f800 Implicit null exception at 0x000000000275f96f to 0x000000000275f9d5
Event: 3.590 Thread 0x000000000026f800 Implicit null exception at 0x0000000002b3cc5f to 0x0000000002b3cea1
Event: 3.629 Thread 0x000000000026f800 Implicit null exception at 0x0000000002a62824 to 0x0000000002a62ac9
Event: 3.629 Thread 0x000000000026f800 Implicit null exception at 0x0000000002b3f327 to 0x0000000002b3fcb5
Event: 3.629 Thread 0x000000000026f800 Implicit null exception at 0x00000000028424eb to 0x0000000002842aa5
Event: 3.973 Thread 0x000000000026f800 Implicit null exception at 0x0000000002bbec20 to 0x0000000002bbfe7d
Event: 8.530 Thread 0x000000000026f800 Implicit null exception at 0x0000000002c2f958 to 0x0000000002c30a45
Event: 10.248 Thread 0x000000000026f800 Implicit null exception at 0x0000000002f15550 to 0x0000000002f16846
Event: 11.360 Thread 0x000000000026f800 Exception <a 'java/lang/ClassNotFoundException': com/sun/tools/javac/api/JavacTool> (0x00000000ee0d73a0) thrown at [C:\re\workspace\8-2-build-windows-amd64-cygwin\jdk8u102\7268\hotspot\src\share\vm\classfile\systemDictionary.cpp, line 210]

Events (10 events):
Event: 11.850 loading class com/sun/source/tree/VariableTree
Event: 11.850 loading class com/sun/source/tree/VariableTree done
Event: 11.850 loading class com/sun/tools/javac/tree/TreeTranslator
Event: 11.850 loading class com/sun/tools/javac/tree/TreeTranslator done
Event: 11.879 loading class com/sun/tools/javac/comp/Attr$4
Event: 11.879 loading class com/sun/tools/javac/comp/Attr$4 done
Event: 11.884 loading class com/sun/tools/javac/comp/Attr$8
Event: 11.884 loading class com/sun/tools/javac/comp/Attr$8 done
Event: 11.884 loading class com/sun/tools/javac/comp/Attr$RecoveryInfo
Event: 11.884 loading class com/sun/tools/javac/comp/Attr$RecoveryInfo done


Dynamic libraries:
0x000000013f580000 - 0x000000013f5b7000 	C:\Program Files\Java\jdk1.8.0_102\bin\java.exe
0x00000000779f0000 - 0x0000000077b99000 	C:\Windows\SYSTEM32\ntdll.dll
0x00000000778d0000 - 0x00000000779ef000 	C:\Windows\system32\kernel32.dll
0x000007fefd990000 - 0x000007fefd9fc000 	C:\Windows\system32\KERNELBASE.dll
0x000007fefe8b0000 - 0x000007fefe98b000 	C:\Windows\system32\ADVAPI32.dll
0x000007fefdbe0000 - 0x000007fefdc7f000 	C:\Windows\system32\msvcrt.dll
0x000007fefe9b0000 - 0x000007fefe9cf000 	C:\Windows\SYSTEM32\sechost.dll
0x000007fefe490000 - 0x000007fefe5bd000 	C:\Windows\system32\RPCRT4.dll
0x00000000777d0000 - 0x00000000778ca000 	C:\Windows\system32\USER32.dll
0x000007fefdf30000 - 0x000007fefdf97000 	C:\Windows\system32\GDI32.dll
0x000007feffcf0000 - 0x000007feffcfe000 	C:\Windows\system32\LPK.dll
0x000007fefe620000 - 0x000007fefe6e9000 	C:\Windows\system32\USP10.dll
0x000007fefc800000 - 0x000007fefc9f4000 	C:\Windows\WinSxS\amd64_microsoft.windows.common-controls_6595b64144ccf1df_6.0.7601.17514_none_fa396087175ac9ac\COMCTL32.dll
0x000007fefe230000 - 0x000007fefe2a1000 	C:\Windows\system32\SHLWAPI.dll
0x000007fefdff0000 - 0x000007fefe01e000 	C:\Windows\system32\IMM32.DLL
0x000007fefe7a0000 - 0x000007fefe8a9000 	C:\Windows\system32\MSCTF.dll
0x000007fefd8d0000 - 0x000007fefd8d5000 	C:\Windows\system32\api-ms-win-downlevel-advapi32-l1-1-0.dll
0x000007fefd630000 - 0x000007fefd655000 	C:\Windows\system32\SspiCli.dll
0x000000006ab40000 - 0x000000006ac11000 	C:\Program Files\Java\jdk1.8.0_102\jre\bin\msvcr100.dll
0x000000006a2a0000 - 0x000000006ab3a000 	C:\Program Files\Java\jdk1.8.0_102\jre\bin\server\jvm.dll
0x000007fee9890000 - 0x000007fee9899000 	C:\Windows\system32\WSOCK32.dll
0x000007fefdfa0000 - 0x000007fefdfed000 	C:\Windows\system32\WS2_32.dll
0x000007fefe6f0000 - 0x000007fefe6f8000 	C:\Windows\system32\NSI.dll
0x000007fefaf00000 - 0x000007fefaf3b000 	C:\Windows\system32\WINMM.dll
0x000007fefc560000 - 0x000007fefc56c000 	C:\Windows\system32\VERSION.dll
0x0000000077bb0000 - 0x0000000077bb7000 	C:\Windows\system32\PSAPI.DLL
0x0000000075310000 - 0x000000007531f000 	C:\Program Files\Java\jdk1.8.0_102\jre\bin\verify.dll
0x0000000075260000 - 0x0000000075289000 	C:\Program Files\Java\jdk1.8.0_102\jre\bin\java.dll
0x00000000752a0000 - 0x00000000752b6000 	C:\Program Files\Java\jdk1.8.0_102\jre\bin\zip.dll
0x000007fefed30000 - 0x000007feffab8000 	C:\Windows\system32\SHELL32.dll
0x000007fefe020000 - 0x000007fefe223000 	C:\Windows\system32\ole32.dll
0x000007fefd820000 - 0x000007fefd82f000 	C:\Windows\system32\profapi.dll
0x00000000752d0000 - 0x00000000752ea000 	C:\Program Files\Java\jdk1.8.0_102\jre\bin\net.dll
0x000007fefd000000 - 0x000007fefd055000 	C:\Windows\system32\mswsock.dll
0x000007fefcff0000 - 0x000007fefcff7000 	C:\Windows\System32\wship6.dll
0x00000000749c0000 - 0x00000000749d1000 	C:\Program Files\Java\jdk1.8.0_102\jre\bin\nio.dll

VM Arguments:
jvm_args: -Dclassworlds.conf=C:\apache-maven\bin\m2.conf -Dmaven.home=C:\apache-maven -Dmaven.multiModuleProjectDirectory=C:\am_ai\easy-notes 
java_command: org.codehaus.plexus.classworlds.launcher.Launcher spring-boot:run
java_class_path (initial): C:\apache-maven\boot\plexus-classworlds-2.5.2.jar
Launcher Type: SUN_STANDARD

Environment Variables:
JAVA_HOME=C:\Program Files\Java\jdk1.8.0_102
CLASSPATH=F:\apache-tomcat\lib;
USERNAME=Administrator
OS=Windows_NT
PROCESSOR_IDENTIFIER=Intel64 Family 6 Model 58 Stepping 9, GenuineIntel



---------------  S Y S T E M  ---------------

OS: Windows 7 , 64 bit Build 7601 (6.1.7601.18409)

CPU:total 4 (2 cores per cpu, 2 threads per core) family 6 model 58 stepping 9, cmov, cx8, fxsr, mmx, sse, sse2, sse3, ssse3, sse4.1, sse4.2, popcnt, avx, aes, clmul, erms, ht, tsc, tscinvbit, tscinv

Memory: 4k page, physical 4066668k(542380k free), swap 5113380k(4892k free)

vm_info: Java HotSpot(TM) 64-Bit Server VM (25.102-b14) for windows-amd64 JRE (1.8.0_102-b14), built on Jun 22 2016 13:15:21 by "java_re" with MS VC++ 10.0 (VS2010)

time: Sun Apr 29 03:06:37 2018
elapsed time: 11 seconds (0d 0h 0m 11s)

