#
# There is insufficient memory for the Java Runtime Environment to continue.
# Native memory allocation (malloc) failed to allocate 32744 bytes for ChunkPool::allocate
# Possible reasons:
#   The system is out of physical RAM or swap space
#   In 32 bit mode, the process size limit was hit
# Possible solutions:
#   Reduce memory load on the system
#   Increase physical memory or swap space
#   Check if swap backing store is full
#   Use 64 bit Java on a 64 bit OS
#   Decrease Java heap size (-Xmx/-Xms)
#   Decrease number of Java threads
#   Decrease Java thread stack sizes (-Xss)
#   Set larger code cache with -XX:ReservedCodeCacheSize=
# This output file may be truncated or incomplete.
#
#  Out of Memory Error (allocation.cpp:273), pid=19788, tid=0x0000000000004b2c
#
# JRE version: Java(TM) SE Runtime Environment (8.0_102-b14) (build 1.8.0_102-b14)
# Java VM: Java HotSpot(TM) 64-Bit Server VM (25.102-b14 mixed mode windows-amd64 compressed oops)
# Failed to write core dump. Minidumps are not enabled by default on client versions of Windows
#

---------------  T H R E A D  ---------------

Current thread (0x0000000054cdb000):  JavaThread "C2 CompilerThread1" daemon [_thread_in_native, id=19244, stack(0x0000000056800000,0x0000000056900000)]

Stack: [0x0000000056800000,0x0000000056900000]
[error occurred during error reporting (printing stack bounds), id 0xc0000005]

Native frames: (J=compiled Java code, j=interpreted, Vv=VM code, C=native code)


Current CompileTask:
C2: 172851 5731   !   4       java.net.URLClassLoader$1::run (63 bytes)


---------------  P R O C E S S  ---------------

Java Threads: ( => current thread )
  0x0000000056048000 JavaThread "Service Thread" daemon [_thread_blocked, id=19984, stack(0x0000000056c80000,0x0000000056d80000)]
  0x0000000054cdc800 JavaThread "C1 CompilerThread2" daemon [_thread_in_vm, id=20352, stack(0x0000000056ad0000,0x0000000056bd0000)]
=>0x0000000054cdb000 JavaThread "C2 CompilerThread1" daemon [_thread_in_native, id=19244, stack(0x0000000056800000,0x0000000056900000)]
  0x0000000055fc7800 JavaThread "C2 CompilerThread0" daemon [_thread_in_native, id=19852, stack(0x0000000056570000,0x0000000056670000)]
  0x0000000055fc2800 JavaThread "Attach Listener" daemon [_thread_blocked, id=19644, stack(0x00000000566f0000,0x00000000567f0000)]
  0x0000000054cd8000 JavaThread "Signal Dispatcher" daemon [_thread_blocked, id=20332, stack(0x0000000056440000,0x0000000056540000)]
  0x0000000054cbc000 JavaThread "Finalizer" daemon [_thread_blocked, id=19220, stack(0x0000000055ec0000,0x0000000055fc0000)]
  0x0000000054c73000 JavaThread "Reference Handler" daemon [_thread_blocked, id=20240, stack(0x0000000055da0000,0x0000000055ea0000)]
  0x0000000001edf800 JavaThread "main" [_thread_in_native, id=18900, stack(0x00000000021e0000,0x00000000022e0000)]

Other Threads:
  0x0000000054c6b800 VMThread [stack: 0x0000000055c50000,0x0000000055d50000] [id=19956]
  0x000000005602c000 WatcherThread [stack: 0x00000000569d0000,0x0000000056ad0000] [id=18940]

VM state:not at safepoint (normal execution)

VM Mutex/Monitor currently owned by a thread: None

Heap:
 PSYoungGen      total 91136K, used 9246K [0x00000000eb500000, 0x00000000f1980000, 0x0000000100000000)
  eden space 83456K, 8% used [0x00000000eb500000,0x00000000ebbcbae8,0x00000000f0680000)
  from space 7680K, 29% used [0x00000000f1200000,0x00000000f143be00,0x00000000f1980000)
  to   space 9728K, 0% used [0x00000000f0680000,0x00000000f0680000,0x00000000f1000000)
 ParOldGen       total 45568K, used 37293K [0x00000000c1e00000, 0x00000000c4a80000, 0x00000000eb500000)
  object space 45568K, 81% used [0x00000000c1e00000,0x00000000c426b520,0x00000000c4a80000)
 Metaspace       used 30170K, capacity 30782K, committed 30976K, reserved 1077248K
  class space    used 3560K, capacity 3801K, committed 3840K, reserved 1048576K

Card table byte_map: [0x0000000011970000,0x0000000011b70000] byte_map_base: 0x0000000011361000

Marking Bits: (ParMarkBitMap*) 0x000000006aaba6c0
 Begin Bits: [0x00000000121d0000, 0x0000000013158000)
 End Bits:   [0x0000000013158000, 0x00000000140e0000)

Polling page: 0x0000000000350000

CodeCache: size=245760Kb used=16710Kb max_used=16710Kb free=229049Kb
 bounds [0x00000000025b0000, 0x0000000003620000, 0x00000000115b0000]
 total_blobs=5374 nmethods=4930 adapters=356
 compilation: enabled

Compilation events (10 events):
Event: 172.647 Thread 0x0000000054cdc800 5800  s    3       sun.misc.URLClassPath::validateLookupCache (80 bytes)
Event: 172.647 Thread 0x0000000054cdc800 nmethod 5800 0x0000000003611650 code [0x00000000036117e0, 0x0000000003611d78]
Event: 172.658 Thread 0x0000000054cdc800 5801       3       java.net.URL::getDefaultPort (8 bytes)
Event: 172.658 Thread 0x0000000054cdc800 nmethod 5801 0x0000000003611f10 code [0x0000000003612080, 0x00000000036122a8]
Event: 172.669 Thread 0x0000000054cdc800 5802       3       java.lang.invoke.MemberName::getName (25 bytes)
Event: 172.669 Thread 0x0000000054cdc800 nmethod 5802 0x0000000003612350 code [0x00000000036124e0, 0x0000000003612908]
Event: 172.677 Thread 0x0000000054cdc800 5804       3       java.net.URI::getFragment (30 bytes)
Event: 172.677 Thread 0x0000000054cdc800 nmethod 5804 0x0000000003612a10 code [0x0000000003612b80, 0x0000000003612da8]
Event: 172.677 Thread 0x0000000054cdc800 5805       3       java.io.File::toString (5 bytes)
Event: 172.678 Thread 0x0000000054cdc800 nmethod 5805 0x0000000003612e50 code [0x0000000003612fa0, 0x0000000003613110]

GC Heap History (10 events):
Event: 30.290 GC heap before
{Heap before GC invocations=13 (full 1):
 PSYoungGen      total 34304K, used 26112K [0x00000000eb500000, 0x00000000eef00000, 0x0000000100000000)
  eden space 26112K, 100% used [0x00000000eb500000,0x00000000ece80000,0x00000000ece80000)
  from space 8192K, 0% used [0x00000000ece80000,0x00000000ece80000,0x00000000ed680000)
  to   space 8704K, 0% used [0x00000000ee680000,0x00000000ee680000,0x00000000eef00000)
 ParOldGen       total 45568K, used 19529K [0x00000000c1e00000, 0x00000000c4a80000, 0x00000000eb500000)
  object space 45568K, 42% used [0x00000000c1e00000,0x00000000c3112418,0x00000000c4a80000)
 Metaspace       used 21082K, capacity 21506K, committed 21808K, reserved 1069056K
  class space    used 2527K, capacity 2645K, committed 2688K, reserved 1048576K
Event: 30.300 GC heap after
Heap after GC invocations=13 (full 1):
 PSYoungGen      total 46592K, used 8681K [0x00000000eb500000, 0x00000000eef00000, 0x0000000100000000)
  eden space 37888K, 0% used [0x00000000eb500000,0x00000000eb500000,0x00000000eda00000)
  from space 8704K, 99% used [0x00000000ee680000,0x00000000eeefa688,0x00000000eef00000)
  to   space 10240K, 0% used [0x00000000edb00000,0x00000000edb00000,0x00000000ee500000)
 ParOldGen       total 45568K, used 20163K [0x00000000c1e00000, 0x00000000c4a80000, 0x00000000eb500000)
  object space 45568K, 44% used [0x00000000c1e00000,0x00000000c31b0cb0,0x00000000c4a80000)
 Metaspace       used 21082K, capacity 21506K, committed 21808K, reserved 1069056K
  class space    used 2527K, capacity 2645K, committed 2688K, reserved 1048576K
}
Event: 34.254 GC heap before
{Heap before GC invocations=14 (full 1):
 PSYoungGen      total 46592K, used 46483K [0x00000000eb500000, 0x00000000eef00000, 0x0000000100000000)
  eden space 37888K, 99% used [0x00000000eb500000,0x00000000ed9ea898,0x00000000eda00000)
  from space 8704K, 99% used [0x00000000ee680000,0x00000000eeefa688,0x00000000eef00000)
  to   space 10240K, 0% used [0x00000000edb00000,0x00000000edb00000,0x00000000ee500000)
 ParOldGen       total 45568K, used 20163K [0x00000000c1e00000, 0x00000000c4a80000, 0x00000000eb500000)
  object space 45568K, 44% used [0x00000000c1e00000,0x00000000c31b0cb0,0x00000000c4a80000)
 Metaspace       used 22241K, capacity 22626K, committed 22960K, reserved 1069056K
  class space    used 2667K, capacity 2805K, committed 2816K, reserved 1048576K
Event: 34.525 GC heap after
Heap after GC invocations=14 (full 1):
 PSYoungGen      total 49152K, used 2217K [0x00000000eb500000, 0x00000000f0180000, 0x0000000100000000)
  eden space 38912K, 0% used [0x00000000eb500000,0x00000000eb500000,0x00000000edb00000)
  from space 10240K, 21% used [0x00000000edb00000,0x00000000edd2a620,0x00000000ee500000)
  to   space 10240K, 0% used [0x00000000ef780000,0x00000000ef780000,0x00000000f0180000)
 ParOldGen       total 45568K, used 28822K [0x00000000c1e00000, 0x00000000c4a80000, 0x00000000eb500000)
  object space 45568K, 63% used [0x00000000c1e00000,0x00000000c3a25990,0x00000000c4a80000)
 Metaspace       used 22241K, capacity 22626K, committed 22960K, reserved 1069056K
  class space    used 2667K, capacity 2805K, committed 2816K, reserved 1048576K
}
Event: 40.418 GC heap before
{Heap before GC invocations=15 (full 1):
 PSYoungGen      total 49152K, used 41129K [0x00000000eb500000, 0x00000000f0180000, 0x0000000100000000)
  eden space 38912K, 100% used [0x00000000eb500000,0x00000000edb00000,0x00000000edb00000)
  from space 10240K, 21% used [0x00000000edb00000,0x00000000edd2a620,0x00000000ee500000)
  to   space 10240K, 0% used [0x00000000ef780000,0x00000000ef780000,0x00000000f0180000)
 ParOldGen       total 45568K, used 28822K [0x00000000c1e00000, 0x00000000c4a80000, 0x00000000eb500000)
  object space 45568K, 63% used [0x00000000c1e00000,0x00000000c3a25990,0x00000000c4a80000)
 Metaspace       used 26286K, capacity 26804K, committed 27008K, reserved 1073152K
  class space    used 3156K, capacity 3337K, committed 3456K, reserved 1048576K
Event: 40.450 GC heap after
Heap after GC invocations=15 (full 1):
 PSYoungGen      total 68096K, used 6594K [0x00000000eb500000, 0x00000000f0200000, 0x0000000100000000)
  eden space 57856K, 0% used [0x00000000eb500000,0x00000000eb500000,0x00000000eed80000)
  from space 10240K, 64% used [0x00000000ef780000,0x00000000efdf0868,0x00000000f0180000)
  to   space 10240K, 0% used [0x00000000eed80000,0x00000000eed80000,0x00000000ef780000)
 ParOldGen       total 45568K, used 30337K [0x00000000c1e00000, 0x00000000c4a80000, 0x00000000eb500000)
  object space 45568K, 66% used [0x00000000c1e00000,0x00000000c3ba0650,0x00000000c4a80000)
 Metaspace       used 26286K, capacity 26804K, committed 27008K, reserved 1073152K
  class space    used 3156K, capacity 3337K, committed 3456K, reserved 1048576K
}
Event: 129.443 GC heap before
{Heap before GC invocations=16 (full 1):
 PSYoungGen      total 68096K, used 64450K [0x00000000eb500000, 0x00000000f0200000, 0x0000000100000000)
  eden space 57856K, 100% used [0x00000000eb500000,0x00000000eed80000,0x00000000eed80000)
  from space 10240K, 64% used [0x00000000ef780000,0x00000000efdf0868,0x00000000f0180000)
  to   space 10240K, 0% used [0x00000000eed80000,0x00000000eed80000,0x00000000ef780000)
 ParOldGen       total 45568K, used 30337K [0x00000000c1e00000, 0x00000000c4a80000, 0x00000000eb500000)
  object space 45568K, 66% used [0x00000000c1e00000,0x00000000c3ba0650,0x00000000c4a80000)
 Metaspace       used 28602K, capacity 29164K, committed 29440K, reserved 1075200K
  class space    used 3354K, capacity 3540K, committed 3584K, reserved 1048576K
Event: 129.457 GC heap after
Heap after GC invocations=16 (full 1):
 PSYoungGen      total 68096K, used 4793K [0x00000000eb500000, 0x00000000f1b80000, 0x0000000100000000)
  eden space 57856K, 0% used [0x00000000eb500000,0x00000000eb500000,0x00000000eed80000)
  from space 10240K, 46% used [0x00000000eed80000,0x00000000ef22e728,0x00000000ef780000)
  to   space 9728K, 0% used [0x00000000f1200000,0x00000000f1200000,0x00000000f1b80000)
 ParOldGen       total 45568K, used 34167K [0x00000000c1e00000, 0x00000000c4a80000, 0x00000000eb500000)
  object space 45568K, 74% used [0x00000000c1e00000,0x00000000c3f5dc38,0x00000000c4a80000)
 Metaspace       used 28602K, capacity 29164K, committed 29440K, reserved 1075200K
  class space    used 3354K, capacity 3540K, committed 3584K, reserved 1048576K
}
Event: 172.418 GC heap before
{Heap before GC invocations=17 (full 1):
 PSYoungGen      total 68096K, used 62649K [0x00000000eb500000, 0x00000000f1b80000, 0x0000000100000000)
  eden space 57856K, 100% used [0x00000000eb500000,0x00000000eed80000,0x00000000eed80000)
  from space 10240K, 46% used [0x00000000eed80000,0x00000000ef22e728,0x00000000ef780000)
  to   space 9728K, 0% used [0x00000000f1200000,0x00000000f1200000,0x00000000f1b80000)
 ParOldGen       total 45568K, used 34167K [0x00000000c1e00000, 0x00000000c4a80000, 0x00000000eb500000)
  object space 45568K, 74% used [0x00000000c1e00000,0x00000000c3f5dc38,0x00000000c4a80000)
 Metaspace       used 29566K, capacity 30202K, committed 30464K, reserved 1075200K
  class space    used 3471K, capacity 3717K, committed 3840K, reserved 1048576K
Event: 172.426 GC heap after
Heap after GC invocations=17 (full 1):
 PSYoungGen      total 91136K, used 2287K [0x00000000eb500000, 0x00000000f1980000, 0x0000000100000000)
  eden space 83456K, 0% used [0x00000000eb500000,0x00000000eb500000,0x00000000f0680000)
  from space 7680K, 29% used [0x00000000f1200000,0x00000000f143be00,0x00000000f1980000)
  to   space 9728K, 0% used [0x00000000f0680000,0x00000000f0680000,0x00000000f1000000)
 ParOldGen       total 45568K, used 37293K [0x00000000c1e00000, 0x00000000c4a80000, 0x00000000eb500000)
  object space 45568K, 81% used [0x00000000c1e00000,0x00000000c426b520,0x00000000c4a80000)
 Metaspace       used 29566K, capacity 30202K, committed 30464K, reserved 1075200K
  class space    used 3471K, capacity 3717K, committed 3840K, reserved 1048576K
}

Deoptimization events (10 events):
Event: 41.524 Thread 0x0000000001edf800 Uncommon trap: reason=predicate action=maybe_recompile pc=0x0000000002e1ff68 method=java.util.Vector.indexOf(Ljava/lang/Object;I)I @ 44
Event: 41.770 Thread 0x0000000001edf800 Uncommon trap: reason=unstable_if action=reinterpret pc=0x0000000003305248 method=java.util.Arrays.equals([B[B)Z @ 12
Event: 41.779 Thread 0x0000000001edf800 Uncommon trap: reason=class_check action=maybe_recompile pc=0x0000000003122880 method=java.util.ComparableTimSort.countRunAndMakeAscending([Ljava/lang/Object;II)I @ 36
Event: 43.258 Thread 0x0000000001edf800 Uncommon trap: reason=unstable_if action=reinterpret pc=0x0000000002df388c method=java.util.StringTokenizer.setMaxDelimCodePoint()V @ 71
Event: 63.146 Thread 0x0000000001edf800 Uncommon trap: reason=unstable_if action=reinterpret pc=0x0000000002b3b310 method=java.io.WinNTFileSystem.parentOrNull(Ljava/lang/String;)Ljava/lang/String; @ 96
Event: 136.545 Thread 0x0000000001edf800 Uncommon trap: reason=unstable_if action=reinterpret pc=0x0000000002fc9954 method=org.eclipse.aether.util.graph.transformer.ConflictResolver$State.deriveOptional(Lorg/eclipse/aether/graph/DependencyNode;Ljava/lang/Object;)Z @ 23
Event: 137.249 Thread 0x0000000056385000 Uncommon trap: reason=unstable_if action=reinterpret pc=0x00000000033d15d0 method=java.util.concurrent.locks.AbstractQueuedSynchronizer.release(I)Z @ 14
Event: 137.607 Thread 0x0000000057dce800 Uncommon trap: reason=class_check action=maybe_recompile pc=0x0000000003122880 method=java.util.ComparableTimSort.countRunAndMakeAscending([Ljava/lang/Object;II)I @ 36
Event: 137.872 Thread 0x0000000057dce800 Uncommon trap: reason=predicate action=maybe_recompile pc=0x00000000027e0468 method=java.util.regex.Pattern$SliceI.match(Ljava/util/regex/Matcher;ILjava/lang/CharSequence;)Z @ 21
Event: 155.850 Thread 0x000000005a57c800 Uncommon trap: reason=unstable_if action=reinterpret pc=0x0000000002cc74a8 method=java.util.concurrent.ConcurrentHashMap.putVal(Ljava/lang/Object;Ljava/lang/Object;Z)Ljava/lang/Object; @ 147

Internal exceptions (10 events):
Event: 160.290 Thread 0x000000005a57c800 Exception <a 'java/net/SocketTimeoutException': Read timed out> (0x00000000ed6b5f30) thrown at [C:\re\workspace\8-2-build-windows-amd64-cygwin\jdk8u102\7268\hotspot\src\share\vm\prims\jni.cpp, line 735]
Event: 160.446 Thread 0x00000000579b2800 Exception <a 'java/net/SocketTimeoutException': Read timed out> (0x00000000ed540fe0) thrown at [C:\re\workspace\8-2-build-windows-amd64-cygwin\jdk8u102\7268\hotspot\src\share\vm\prims\jni.cpp, line 735]
Event: 160.451 Thread 0x000000005854f000 Exception <a 'java/net/SocketTimeoutException': Read timed out> (0x00000000ed74e2e0) thrown at [C:\re\workspace\8-2-build-windows-amd64-cygwin\jdk8u102\7268\hotspot\src\share\vm\prims\jni.cpp, line 735]
Event: 160.667 Thread 0x0000000057dce800 Exception <a 'java/net/SocketTimeoutException': Read timed out> (0x00000000ed81e6f8) thrown at [C:\re\workspace\8-2-build-windows-amd64-cygwin\jdk8u102\7268\hotspot\src\share\vm\prims\jni.cpp, line 735]
Event: 161.399 Thread 0x000000005854f000 Exception <a 'java/net/SocketTimeoutException': Read timed out> (0x00000000ed766fd0) thrown at [C:\re\workspace\8-2-build-windows-amd64-cygwin\jdk8u102\7268\hotspot\src\share\vm\prims\jni.cpp, line 735]
Event: 161.511 Thread 0x0000000056385000 Exception <a 'java/net/SocketTimeoutException': Read timed out> (0x00000000ed894848) thrown at [C:\re\workspace\8-2-build-windows-amd64-cygwin\jdk8u102\7268\hotspot\src\share\vm\prims\jni.cpp, line 735]
Event: 161.624 Thread 0x000000005a57c800 Exception <a 'java/net/SocketTimeoutException': Read timed out> (0x00000000ed705228) thrown at [C:\re\workspace\8-2-build-windows-amd64-cygwin\jdk8u102\7268\hotspot\src\share\vm\prims\jni.cpp, line 735]
Event: 170.075 Thread 0x0000000057dce800 Exception <a 'java/net/SocketTimeoutException': Read timed out> (0x00000000edf88408) thrown at [C:\re\workspace\8-2-build-windows-amd64-cygwin\jdk8u102\7268\hotspot\src\share\vm\prims\jni.cpp, line 735]
Event: 172.434 Thread 0x0000000001edf800 Exception <a 'java/lang/NoClassDefFoundError': org/sonatype/aether/version/VersionConstraint> (0x00000000eb549500) thrown at [C:\re\workspace\8-2-build-windows-amd64-cygwin\jdk8u102\7268\hotspot\src\share\vm\classfile\systemDictionary.cpp, line 199]
Event: 172.555 Thread 0x0000000001edf800 Exception <a 'java/lang/NoSuchMethodError': java.lang.Object.lambda$comparing$77a9974f$1(Ljava/util/function/Function;Ljava/lang/Object;Ljava/lang/Object;)I> (0x00000000eb8b44e8) thrown at [C:\re\workspace\8-2-build-windows-amd64-cygwin\jdk8u102\7268\hotspNËXÿJ	d@

Events (10 events):
Event: 172.684 loading class java/lang/ProcessImpl
Event: 172.684 loading class java/lang/Process
Event: 172.684 loading class java/lang/Process done
Event: 172.684 loading class java/lang/ProcessImpl done
Event: 172.759 loading class java/lang/ProcessImpl$2
Event: 172.759 loading class java/lang/ProcessImpl$2 done
Event: 172.759 loading class java/lang/ProcessBuilder$NullOutputStream
Event: 172.759 loading class java/lang/ProcessBuilder$NullOutputStream done
Event: 172.759 loading class java/lang/ProcessBuilder$NullInputStream
Event: 172.759 loading class java/lang/ProcessBuilder$NullInputStream done


Dynamic libraries:
0x000000013f1b0000 - 0x000000013f1e7000 	C:\Program Files\Java\jdk1.8.0_102\bin\java.exe
0x00000000779f0000 - 0x0000000077b99000 	C:\Windows\SYSTEM32\ntdll.dll
0x00000000778d0000 - 0x00000000779ef000 	C:\Windows\system32\kernel32.dll
0x000007fefd990000 - 0x000007fefd9fc000 	C:\Windows\system32\KERNELBASE.dll
0x000007fefe8b0000 - 0x000007fefe98b000 	C:\Windows\system32\ADVAPI32.dll
0x000007fefdbe0000 - 0x000007fefdc7f000 	C:\Windows\system32\msvcrt.dll
0x000007fefe9b0000 - 0x000007fefe9cf000 	C:\Windows\SYSTEM32\sechost.dll
0x000007fefe490000 - 0x000007fefe5bd000 	C:\Windows\system32\RPCRT4.dll
0x00000000777d0000 - 0x00000000778ca000 	C:\Windows\system32\USER32.dll
0x000007fefdf30000 - 0x000007fefdf97000 	C:\Windows\system32\GDI32.dll
0x000007feffcf0000 - 0x000007feffcfe000 	C:\Windows\system32\LPK.dll
0x000007fefe620000 - 0x000007fefe6e9000 	C:\Windows\system32\USP10.dll
0x000007fefc800000 - 0x000007fefc9f4000 	C:\Windows\WinSxS\amd64_microsoft.windows.common-controls_6595b64144ccf1df_6.0.7601.17514_none_fa396087175ac9ac\COMCTL32.dll
0x000007fefe230000 - 0x000007fefe2a1000 	C:\Windows\system32\SHLWAPI.dll
0x000007fefdff0000 - 0x000007fefe01e000 	C:\Windows\system32\IMM32.DLL
0x000007fefe7a0000 - 0x000007fefe8a9000 	C:\Windows\system32\MSCTF.dll
0x000007fefd8d0000 - 0x000007fefd8d5000 	C:\Windows\system32\api-ms-win-downlevel-advapi32-l1-1-0.dll
0x000007fefd630000 - 0x000007fefd655000 	C:\Windows\system32\SspiCli.dll
0x000000006ab40000 - 0x000000006ac11000 	C:\Program Files\Java\jdk1.8.0_102\jre\bin\msvcr100.dll
0x000000006a2a0000 - 0x000000006ab3a000 	C:\Program Files\Java\jdk1.8.0_102\jre\bin\server\jvm.dll
0x000007fee9890000 - 0x000007fee9899000 	C:\Windows\system32\WSOCK32.dll
0x000007fefdfa0000 - 0x000007fefdfed000 	C:\Windows\system32\WS2_32.dll
0x000007fefe6f0000 - 0x000007fefe6f8000 	C:\Windows\system32\NSI.dll
0x000007fefaf00000 - 0x000007fefaf3b000 	C:\Windows\system32\WINMM.dll
0x000007fefc560000 - 0x000007fefc56c000 	C:\Windows\system32\VERSION.dll
0x0000000077bb0000 - 0x0000000077bb7000 	C:\Windows\system32\PSAPI.DLL
0x0000000075310000 - 0x000000007531f000 	C:\Program Files\Java\jdk1.8.0_102\jre\bin\verify.dll
0x0000000075260000 - 0x0000000075289000 	C:\Program Files\Java\jdk1.8.0_102\jre\bin\java.dll
0x00000000752a0000 - 0x00000000752b6000 	C:\Program Files\Java\jdk1.8.0_102\jre\bin\zip.dll
0x000007fefed30000 - 0x000007feffab8000 	C:\Windows\system32\SHELL32.dll
0x000007fefe020000 - 0x000007fefe223000 	C:\Windows\system32\ole32.dll
0x000007fefd820000 - 0x000007fefd82f000 	C:\Windows\system32\profapi.dll
0x00000000752d0000 - 0x00000000752ea000 	C:\Program Files\Java\jdk1.8.0_102\jre\bin\net.dll
0x000007fefd000000 - 0x000007fefd055000 	C:\Windows\system32\mswsock.dll
0x000007fefcff0000 - 0x000007fefcff7000 	C:\Windows\System32\wship6.dll
0x00000000749c0000 - 0x00000000749d1000 	C:\Program Files\Java\jdk1.8.0_102\jre\bin\nio.dll
0x0000000069cd0000 - 0x0000000069cf4000 	C:\Program Files\Java\jdk1.8.0_102\jre\bin\sunec.dll
0x000007fefd060000 - 0x000007fefd077000 	C:\Windows\system32\CRYPTSP.dll
0x000007fefcd20000 - 0x000007fefcd67000 	C:\Windows\system32\rsaenh.dll
0x000007fefda00000 - 0x000007fefda1e000 	C:\Windows\system32\USERENV.dll
0x000007fefd6c0000 - 0x000007fefd6cf000 	C:\Windows\system32\CRYPTBASE.dll
0x000007fefa7c0000 - 0x000007fefa7e7000 	C:\Windows\system32\IPHLPAPI.DLL
0x000007fefa7b0000 - 0x000007fefa7bb000 	C:\Windows\system32\WINNSI.DLL
0x000007fefa5c0000 - 0x000007fefa5d1000 	C:\Windows\system32\dhcpcsvc6.DLL
0x000007fefa5a0000 - 0x000007fefa5b8000 	C:\Windows\system32\dhcpcsvc.DLL
0x000007fefc630000 - 0x000007fefc637000 	C:\Windows\System32\wshtcpip.dll
0x000007fefce80000 - 0x000007fefcedb000 	C:\Windows\system32\DNSAPI.dll
0x000007fef82e0000 - 0x000007fef830f000 	C:\Program Files\Common Files\Microsoft Shared\Windows Live\WLIDNSP.DLL
0x000007fef81b0000 - 0x000007fef81b8000 	C:\Windows\system32\rasadhlp.dll
0x000007fefa660000 - 0x000007fefa6b3000 	C:\Windows\System32\fwpuclnt.dll
0x0000000071df0000 - 0x0000000071dfb000 	C:\Program Files\Java\jdk1.8.0_102\jre\bin\sunmscapi.dll
0x000007fefda60000 - 0x000007fefdbcc000 	C:\Windows\system32\CRYPT32.dll
0x000007fefd830000 - 0x000007fefd83f000 	C:\Windows\system32\MSASN1.dll

VM Arguments:
jvm_args: -Dclassworlds.conf=C:\apache-maven\bin\m2.conf -Dmaven.home=C:\apache-maven -Dmaven.multiModuleProjectDirectory=C:\am_ai\easy-notes 
java_command: org.codehaus.plexus.classworlds.launcher.Launcher spring-boot:run
java_class_path (initial): C:\apache-maven\boot\plexus-classworlds-2.5.2.jar
Launcher Type: SUN_STANDARD

Environment Variables:
JAVA_HOME=C:\Program Files\Java\jdk1.8.0_102
CLASSPATH=F:\apache-tomcat\lib;
USERNAME=Administrator
OS=Windows_NT
PROCESSOR_IDENTIFIER=Intel64 Family 6 Model 58 Stepping 9, GenuineIntel



---------------  S Y S T E M  ---------------

OS: Windows 7 , 64 bit Build 7601 (6.1.7601.18409)

CPU:total 4 (2 cores per cpu, 2 threads per core) family 6 model 58 stepping 9, cmov, cx8, fxsr, mmx, sse, sse2, sse3, ssse3, sse4.1, sse4.2, popcnt, avx, aes, clmul, erms, ht, tsc, tscinvbit, tscinv

Memory: 4k page, physical 4066668k(590004k free), swap 5113380k(3660k free)

vm_info: Java HotSpot(TM) 64-Bit Server VM (25.102-b14) for windows-amd64 JRE (1.8.0_102-b14), built on Jun 22 2016 13:15:21 by "java_re" with MS VC++ 10.0 (VS2010)

time: Sun Apr 29 02:45:55 2018
elapsed time: 172 seconds (0d 0h 2m 52s)

